{
 "cells": [
  {
   "cell_type": "code",
   "execution_count": 2,
   "metadata": {},
   "outputs": [
    {
     "name": "stdout",
     "output_type": "stream",
     "text": [
      "The sql extension is already loaded. To reload it, use:\n",
      "  %reload_ext sql\n"
     ]
    }
   ],
   "source": [
    "%load_ext sql"
   ]
  },
  {
   "cell_type": "code",
   "execution_count": 3,
   "metadata": {},
   "outputs": [
    {
     "data": {
      "text/plain": [
       "'Connected: postgres@postgres'"
      ]
     },
     "execution_count": 3,
     "metadata": {},
     "output_type": "execute_result"
    }
   ],
   "source": [
    "%sql postgresql://postgres@psql:5432/postgres"
   ]
  },
  {
   "cell_type": "code",
   "execution_count": 9,
   "metadata": {},
   "outputs": [
    {
     "name": "stdout",
     "output_type": "stream",
     "text": [
      "5 rows affected.\n"
     ]
    },
    {
     "data": {
      "text/html": [
       "<table>\n",
       "    <tr>\n",
       "        <th>QUERY PLAN</th>\n",
       "    </tr>\n",
       "    <tr>\n",
       "        <td>Seq Scan on books  (cost=0.00..845.26 rows=2 width=50) (actual time=0.023..2.175 rows=21 loops=1)</td>\n",
       "    </tr>\n",
       "    <tr>\n",
       "        <td>&nbsp;&nbsp;Filter: ((author)::text = &#x27;William Shakespeare&#x27;::text)</td>\n",
       "    </tr>\n",
       "    <tr>\n",
       "        <td>&nbsp;&nbsp;Rows Removed by Filter: 37200</td>\n",
       "    </tr>\n",
       "    <tr>\n",
       "        <td>Planning time: 0.112 ms</td>\n",
       "    </tr>\n",
       "    <tr>\n",
       "        <td>Execution time: 2.186 ms</td>\n",
       "    </tr>\n",
       "</table>"
      ],
      "text/plain": [
       "[('Seq Scan on books  (cost=0.00..845.26 rows=2 width=50) (actual time=0.023..2.175 rows=21 loops=1)',),\n",
       " (\"  Filter: ((author)::text = 'William Shakespeare'::text)\",),\n",
       " ('  Rows Removed by Filter: 37200',),\n",
       " ('Planning time: 0.112 ms',),\n",
       " ('Execution time: 2.186 ms',)]"
      ]
     },
     "execution_count": 9,
     "metadata": {},
     "output_type": "execute_result"
    }
   ],
   "source": [
    "%sql EXPLAIN ANALYZE select * from books where author = 'William Shakespeare';"
   ]
  },
  {
   "cell_type": "code",
   "execution_count": 10,
   "metadata": {},
   "outputs": [
    {
     "name": "stdout",
     "output_type": "stream",
     "text": [
      "5 rows affected.\n"
     ]
    },
    {
     "data": {
      "text/html": [
       "<table>\n",
       "    <tr>\n",
       "        <th>QUERY PLAN</th>\n",
       "    </tr>\n",
       "    <tr>\n",
       "        <td>Seq Scan on books  (cost=0.00..845.26 rows=2 width=50) (actual time=1.951..1.951 rows=0 loops=1)</td>\n",
       "    </tr>\n",
       "    <tr>\n",
       "        <td>&nbsp;&nbsp;Filter: ((author)::text = &#x27;%William Shakespeare%&#x27;::text)</td>\n",
       "    </tr>\n",
       "    <tr>\n",
       "        <td>&nbsp;&nbsp;Rows Removed by Filter: 37221</td>\n",
       "    </tr>\n",
       "    <tr>\n",
       "        <td>Planning time: 0.031 ms</td>\n",
       "    </tr>\n",
       "    <tr>\n",
       "        <td>Execution time: 1.960 ms</td>\n",
       "    </tr>\n",
       "</table>"
      ],
      "text/plain": [
       "[('Seq Scan on books  (cost=0.00..845.26 rows=2 width=50) (actual time=1.951..1.951 rows=0 loops=1)',),\n",
       " (\"  Filter: ((author)::text = '%William Shakespeare%'::text)\",),\n",
       " ('  Rows Removed by Filter: 37221',),\n",
       " ('Planning time: 0.031 ms',),\n",
       " ('Execution time: 1.960 ms',)]"
      ]
     },
     "execution_count": 10,
     "metadata": {},
     "output_type": "execute_result"
    }
   ],
   "source": [
    "%sql EXPLAIN ANALYSE select * from books where author = '%William Shakespeare%';"
   ]
  },
  {
   "cell_type": "code",
   "execution_count": 13,
   "metadata": {},
   "outputs": [
    {
     "name": "stdout",
     "output_type": "stream",
     "text": [
      "Done.\n"
     ]
    },
    {
     "data": {
      "text/plain": [
       "[]"
      ]
     },
     "execution_count": 13,
     "metadata": {},
     "output_type": "execute_result"
    }
   ],
   "source": [
    "%sql CREATE INDEX book_author_index ON books USING btree(\"author\");"
   ]
  },
  {
   "cell_type": "code",
   "execution_count": 29,
   "metadata": {},
   "outputs": [
    {
     "name": "stdout",
     "output_type": "stream",
     "text": [
      "7 rows affected.\n"
     ]
    },
    {
     "data": {
      "text/html": [
       "<table>\n",
       "    <tr>\n",
       "        <th>QUERY PLAN</th>\n",
       "    </tr>\n",
       "    <tr>\n",
       "        <td>Bitmap Heap Scan on books  (cost=4.31..11.90 rows=2 width=50) (actual time=0.015..0.027 rows=21 loops=1)</td>\n",
       "    </tr>\n",
       "    <tr>\n",
       "        <td>&nbsp;&nbsp;Filter: ((author)::text ~~ &#x27;William Shakespeare&#x27;::text)</td>\n",
       "    </tr>\n",
       "    <tr>\n",
       "        <td>&nbsp;&nbsp;Heap Blocks: exact=13</td>\n",
       "    </tr>\n",
       "    <tr>\n",
       "        <td>&nbsp;&nbsp;-&gt;  Bitmap Index Scan on book_author_index  (cost=0.00..4.30 rows=2 width=0) (actual time=0.010..0.010 rows=21 loops=1)</td>\n",
       "    </tr>\n",
       "    <tr>\n",
       "        <td>&nbsp;&nbsp;&nbsp;&nbsp;&nbsp;&nbsp;&nbsp;&nbsp;Index Cond: ((author)::text = &#x27;William Shakespeare&#x27;::text)</td>\n",
       "    </tr>\n",
       "    <tr>\n",
       "        <td>Planning time: 0.049 ms</td>\n",
       "    </tr>\n",
       "    <tr>\n",
       "        <td>Execution time: 0.039 ms</td>\n",
       "    </tr>\n",
       "</table>"
      ],
      "text/plain": [
       "[('Bitmap Heap Scan on books  (cost=4.31..11.90 rows=2 width=50) (actual time=0.015..0.027 rows=21 loops=1)',),\n",
       " (\"  Filter: ((author)::text ~~ 'William Shakespeare'::text)\",),\n",
       " ('  Heap Blocks: exact=13',),\n",
       " ('  ->  Bitmap Index Scan on book_author_index  (cost=0.00..4.30 rows=2 width=0) (actual time=0.010..0.010 rows=21 loops=1)',),\n",
       " (\"        Index Cond: ((author)::text = 'William Shakespeare'::text)\",),\n",
       " ('Planning time: 0.049 ms',),\n",
       " ('Execution time: 0.039 ms',)]"
      ]
     },
     "execution_count": 29,
     "metadata": {},
     "output_type": "execute_result"
    }
   ],
   "source": [
    "%sql EXPLAIN ANALYZE select * from books where author like 'William Shakespeare';"
   ]
  },
  {
   "cell_type": "code",
   "execution_count": 28,
   "metadata": {},
   "outputs": [
    {
     "name": "stdout",
     "output_type": "stream",
     "text": [
      "5 rows affected.\n"
     ]
    },
    {
     "data": {
      "text/html": [
       "<table>\n",
       "    <tr>\n",
       "        <th>QUERY PLAN</th>\n",
       "    </tr>\n",
       "    <tr>\n",
       "        <td>Seq Scan on books  (cost=0.00..845.26 rows=3 width=50) (actual time=0.031..3.081 rows=25 loops=1)</td>\n",
       "    </tr>\n",
       "    <tr>\n",
       "        <td>&nbsp;&nbsp;Filter: ((author)::text ~~ &#x27;%William Shakespeare%&#x27;::text)</td>\n",
       "    </tr>\n",
       "    <tr>\n",
       "        <td>&nbsp;&nbsp;Rows Removed by Filter: 37196</td>\n",
       "    </tr>\n",
       "    <tr>\n",
       "        <td>Planning time: 0.043 ms</td>\n",
       "    </tr>\n",
       "    <tr>\n",
       "        <td>Execution time: 3.092 ms</td>\n",
       "    </tr>\n",
       "</table>"
      ],
      "text/plain": [
       "[('Seq Scan on books  (cost=0.00..845.26 rows=3 width=50) (actual time=0.031..3.081 rows=25 loops=1)',),\n",
       " (\"  Filter: ((author)::text ~~ '%William Shakespeare%'::text)\",),\n",
       " ('  Rows Removed by Filter: 37196',),\n",
       " ('Planning time: 0.043 ms',),\n",
       " ('Execution time: 3.092 ms',)]"
      ]
     },
     "execution_count": 28,
     "metadata": {},
     "output_type": "execute_result"
    }
   ],
   "source": [
    "%sql EXPLAIN ANALYSE select * from books where author like '%William Shakespeare%';"
   ]
  },
  {
   "cell_type": "code",
   "execution_count": 30,
   "metadata": {},
   "outputs": [
    {
     "name": "stdout",
     "output_type": "stream",
     "text": [
      "15 rows affected.\n"
     ]
    },
    {
     "data": {
      "text/html": [
       "<table>\n",
       "    <tr>\n",
       "        <th>QUERY PLAN</th>\n",
       "    </tr>\n",
       "    <tr>\n",
       "        <td>Hash Join  (cost=4617.72..51832.64 rows=488186 width=60) (actual time=23.957..215.241 rows=1254 loops=1)</td>\n",
       "    </tr>\n",
       "    <tr>\n",
       "        <td>&nbsp;&nbsp;Hash Cond: (mentions.bookid = books.id)</td>\n",
       "    </tr>\n",
       "    <tr>\n",
       "        <td>&nbsp;&nbsp;-&gt;  Hash Join  (cost=3400.25..44451.93 rows=488186 width=30) (actual time=10.685..201.461 rows=1254 loops=1)</td>\n",
       "    </tr>\n",
       "    <tr>\n",
       "        <td>&nbsp;&nbsp;&nbsp;&nbsp;&nbsp;&nbsp;&nbsp;&nbsp;Hash Cond: (mentions.cityid = cities.id)</td>\n",
       "    </tr>\n",
       "    <tr>\n",
       "        <td>&nbsp;&nbsp;&nbsp;&nbsp;&nbsp;&nbsp;&nbsp;&nbsp;-&gt;  Seq Scan on mentions  (cost=0.00..22562.28 rows=1464528 width=8) (actual time=0.015..91.315 rows=1464528 loops=1)</td>\n",
       "    </tr>\n",
       "    <tr>\n",
       "        <td>&nbsp;&nbsp;&nbsp;&nbsp;&nbsp;&nbsp;&nbsp;&nbsp;-&gt;  Hash  (cost=3198.68..3198.68 rows=16126 width=30) (actual time=10.317..10.317 rows=69 loops=1)</td>\n",
       "    </tr>\n",
       "    <tr>\n",
       "        <td>&nbsp;&nbsp;&nbsp;&nbsp;&nbsp;&nbsp;&nbsp;&nbsp;&nbsp;&nbsp;&nbsp;&nbsp;&nbsp;&nbsp;Buckets: 16384  Batches: 1  Memory Usage: 133kB</td>\n",
       "    </tr>\n",
       "    <tr>\n",
       "        <td>&nbsp;&nbsp;&nbsp;&nbsp;&nbsp;&nbsp;&nbsp;&nbsp;&nbsp;&nbsp;&nbsp;&nbsp;&nbsp;&nbsp;-&gt;  Seq Scan on cities  (cost=0.00..3198.68 rows=16126 width=30) (actual time=1.958..10.284 rows=69 loops=1)</td>\n",
       "    </tr>\n",
       "    <tr>\n",
       "        <td>&nbsp;&nbsp;&nbsp;&nbsp;&nbsp;&nbsp;&nbsp;&nbsp;&nbsp;&nbsp;&nbsp;&nbsp;&nbsp;&nbsp;&nbsp;&nbsp;&nbsp;&nbsp;&nbsp;&nbsp;Filter: ((asin(sqrt(((sin((radians((&#x27;52.38&#x27;::double precision - latitude)) / &#x27;2&#x27;::double precision)) ^ &#x27;2&#x27;::double precision) + (((sin((radians((&#x27;11.47&#x27;::double precision - longitude)) / &#x27;2&#x27;::double precision)) ^ &#x27;2&#x27;::double precision) * cos(radians(latitude))) * &#x27;0.610421687981602&#x27;::double precision)))) * &#x27;7926.3352&#x27;::double precision) &lt; &#x27;50&#x27;::double precision)</td>\n",
       "    </tr>\n",
       "    <tr>\n",
       "        <td>&nbsp;&nbsp;&nbsp;&nbsp;&nbsp;&nbsp;&nbsp;&nbsp;&nbsp;&nbsp;&nbsp;&nbsp;&nbsp;&nbsp;&nbsp;&nbsp;&nbsp;&nbsp;&nbsp;&nbsp;Rows Removed by Filter: 48308</td>\n",
       "    </tr>\n",
       "    <tr>\n",
       "        <td>&nbsp;&nbsp;-&gt;  Hash  (cost=752.21..752.21 rows=37221 width=34) (actual time=13.151..13.151 rows=37221 loops=1)</td>\n",
       "    </tr>\n",
       "    <tr>\n",
       "        <td>&nbsp;&nbsp;&nbsp;&nbsp;&nbsp;&nbsp;&nbsp;&nbsp;Buckets: 65536  Batches: 1  Memory Usage: 2930kB</td>\n",
       "    </tr>\n",
       "    <tr>\n",
       "        <td>&nbsp;&nbsp;&nbsp;&nbsp;&nbsp;&nbsp;&nbsp;&nbsp;-&gt;  Seq Scan on books  (cost=0.00..752.21 rows=37221 width=34) (actual time=0.005..4.108 rows=37221 loops=1)</td>\n",
       "    </tr>\n",
       "    <tr>\n",
       "        <td>Planning time: 0.625 ms</td>\n",
       "    </tr>\n",
       "    <tr>\n",
       "        <td>Execution time: 215.424 ms</td>\n",
       "    </tr>\n",
       "</table>"
      ],
      "text/plain": [
       "[('Hash Join  (cost=4617.72..51832.64 rows=488186 width=60) (actual time=23.957..215.241 rows=1254 loops=1)',),\n",
       " ('  Hash Cond: (mentions.bookid = books.id)',),\n",
       " ('  ->  Hash Join  (cost=3400.25..44451.93 rows=488186 width=30) (actual time=10.685..201.461 rows=1254 loops=1)',),\n",
       " ('        Hash Cond: (mentions.cityid = cities.id)',),\n",
       " ('        ->  Seq Scan on mentions  (cost=0.00..22562.28 rows=1464528 width=8) (actual time=0.015..91.315 rows=1464528 loops=1)',),\n",
       " ('        ->  Hash  (cost=3198.68..3198.68 rows=16126 width=30) (actual time=10.317..10.317 rows=69 loops=1)',),\n",
       " ('              Buckets: 16384  Batches: 1  Memory Usage: 133kB',),\n",
       " ('              ->  Seq Scan on cities  (cost=0.00..3198.68 rows=16126 width=30) (actual time=1.958..10.284 rows=69 loops=1)',),\n",
       " (\"                    Filter: ((asin(sqrt(((sin((radians(('52.38'::double precision - latitude)) / '2'::double precision)) ^ '2'::double precision) + ( ... (86 characters truncated) ... '::double precision) * cos(radians(latitude))) * '0.610421687981602'::double precision)))) * '7926.3352'::double precision) < '50'::double precision)\",),\n",
       " ('                    Rows Removed by Filter: 48308',),\n",
       " ('  ->  Hash  (cost=752.21..752.21 rows=37221 width=34) (actual time=13.151..13.151 rows=37221 loops=1)',),\n",
       " ('        Buckets: 65536  Batches: 1  Memory Usage: 2930kB',),\n",
       " ('        ->  Seq Scan on books  (cost=0.00..752.21 rows=37221 width=34) (actual time=0.005..4.108 rows=37221 loops=1)',),\n",
       " ('Planning time: 0.625 ms',),\n",
       " ('Execution time: 215.424 ms',)]"
      ]
     },
     "execution_count": 30,
     "metadata": {},
     "output_type": "execute_result"
    }
   ],
   "source": [
    "%%sql Explain analyse\n",
    "select cities.name, cities.latitude, cities.longitude, books.id, books.title from cities\n",
    "join mentions on (cities.id = mentions.cityid)\n",
    "join books on (mentions.bookid = books.id)\n",
    "where geodistance(latitude, longitude, 52.38, 11.47) < 50;"
   ]
  },
  {
   "cell_type": "markdown",
   "metadata": {},
   "source": [
    "```\n",
    "Note: Testing has shown PostgreSQL's hash indexes to perform no better than B-tree indexes, and the index size and build time for hash indexes is much worse. Furthermore, hash index operations are not presently WAL-logged, so hash indexes may need to be rebuilt with REINDEX after a database crash. For these reasons, hash index use is presently discouraged.\n",
    "\n",
    "Similarly, R-tree indexes do not seem to have any performance advantages compared to the equivalent operations of GiST indexes. Like hash indexes, they are not WAL-logged and may need reindexing after a database crash.\n",
    "\n",
    "While the problems with hash indexes may be fixed eventually, it is likely that the R-tree index type will be retired in a future release. Users are encouraged to migrate applications that use R-tree indexes to GiST indexes.\n",
    "```"
   ]
  },
  {
   "cell_type": "code",
   "execution_count": 52,
   "metadata": {},
   "outputs": [
    {
     "name": "stdout",
     "output_type": "stream",
     "text": [
      "Done.\n"
     ]
    },
    {
     "data": {
      "text/plain": [
       "[]"
      ]
     },
     "execution_count": 52,
     "metadata": {},
     "output_type": "execute_result"
    }
   ],
   "source": [
    "%sql create extension earthdistance cascade;"
   ]
  },
  {
   "cell_type": "code",
   "execution_count": 122,
   "metadata": {},
   "outputs": [
    {
     "name": "stdout",
     "output_type": "stream",
     "text": [
      "Done.\n"
     ]
    },
    {
     "data": {
      "text/plain": [
       "[]"
      ]
     },
     "execution_count": 122,
     "metadata": {},
     "output_type": "execute_result"
    }
   ],
   "source": [
    "%sql CREATE INDEX latitude_longitude_index ON cities USING gist (ll_to_earth(latitude, longitude));"
   ]
  },
  {
   "cell_type": "code",
   "execution_count": 119,
   "metadata": {},
   "outputs": [
    {
     "name": "stdout",
     "output_type": "stream",
     "text": [
      "Done.\n"
     ]
    },
    {
     "data": {
      "text/plain": [
       "[]"
      ]
     },
     "execution_count": 119,
     "metadata": {},
     "output_type": "execute_result"
    }
   ],
   "source": [
    "%sql drop index latitude_longitude_index;"
   ]
  },
  {
   "cell_type": "code",
   "execution_count": 123,
   "metadata": {},
   "outputs": [
    {
     "name": "stdout",
     "output_type": "stream",
     "text": [
      "15 rows affected.\n"
     ]
    },
    {
     "data": {
      "text/html": [
       "<table>\n",
       "    <tr>\n",
       "        <th>QUERY PLAN</th>\n",
       "    </tr>\n",
       "    <tr>\n",
       "        <td>Hash Join  (cost=26750.20..73965.12 rows=488186 width=60) (actual time=345.597..345.597 rows=0 loops=1)</td>\n",
       "    </tr>\n",
       "    <tr>\n",
       "        <td>&nbsp;&nbsp;Hash Cond: (mentions.bookid = books.id)</td>\n",
       "    </tr>\n",
       "    <tr>\n",
       "        <td>&nbsp;&nbsp;-&gt;  Hash Join  (cost=25532.73..66584.41 rows=488186 width=30) (actual time=333.936..333.936 rows=0 loops=1)</td>\n",
       "    </tr>\n",
       "    <tr>\n",
       "        <td>&nbsp;&nbsp;&nbsp;&nbsp;&nbsp;&nbsp;&nbsp;&nbsp;Hash Cond: (mentions.cityid = cities.id)</td>\n",
       "    </tr>\n",
       "    <tr>\n",
       "        <td>&nbsp;&nbsp;&nbsp;&nbsp;&nbsp;&nbsp;&nbsp;&nbsp;-&gt;  Seq Scan on mentions  (cost=0.00..22562.28 rows=1464528 width=8) (actual time=0.007..0.007 rows=1 loops=1)</td>\n",
       "    </tr>\n",
       "    <tr>\n",
       "        <td>&nbsp;&nbsp;&nbsp;&nbsp;&nbsp;&nbsp;&nbsp;&nbsp;-&gt;  Hash  (cost=25331.15..25331.15 rows=16126 width=30) (actual time=333.920..333.920 rows=0 loops=1)</td>\n",
       "    </tr>\n",
       "    <tr>\n",
       "        <td>&nbsp;&nbsp;&nbsp;&nbsp;&nbsp;&nbsp;&nbsp;&nbsp;&nbsp;&nbsp;&nbsp;&nbsp;&nbsp;&nbsp;Buckets: 16384  Batches: 1  Memory Usage: 128kB</td>\n",
       "    </tr>\n",
       "    <tr>\n",
       "        <td>&nbsp;&nbsp;&nbsp;&nbsp;&nbsp;&nbsp;&nbsp;&nbsp;&nbsp;&nbsp;&nbsp;&nbsp;&nbsp;&nbsp;-&gt;  Seq Scan on cities  (cost=0.00..25331.15 rows=16126 width=30) (actual time=333.919..333.919 rows=0 loops=1)</td>\n",
       "    </tr>\n",
       "    <tr>\n",
       "        <td>&nbsp;&nbsp;&nbsp;&nbsp;&nbsp;&nbsp;&nbsp;&nbsp;&nbsp;&nbsp;&nbsp;&nbsp;&nbsp;&nbsp;&nbsp;&nbsp;&nbsp;&nbsp;&nbsp;&nbsp;Filter: (sec_to_gc(cube_distance(&#x27;(3815617.38379195, 774215.802496072, 5051997.71455748)&#x27;::cube, (ll_to_earth(latitude, longitude))::cube)) &lt; &#x27;50&#x27;::double precision)</td>\n",
       "    </tr>\n",
       "    <tr>\n",
       "        <td>&nbsp;&nbsp;&nbsp;&nbsp;&nbsp;&nbsp;&nbsp;&nbsp;&nbsp;&nbsp;&nbsp;&nbsp;&nbsp;&nbsp;&nbsp;&nbsp;&nbsp;&nbsp;&nbsp;&nbsp;Rows Removed by Filter: 48377</td>\n",
       "    </tr>\n",
       "    <tr>\n",
       "        <td>&nbsp;&nbsp;-&gt;  Hash  (cost=752.21..752.21 rows=37221 width=34) (actual time=11.550..11.550 rows=37221 loops=1)</td>\n",
       "    </tr>\n",
       "    <tr>\n",
       "        <td>&nbsp;&nbsp;&nbsp;&nbsp;&nbsp;&nbsp;&nbsp;&nbsp;Buckets: 65536  Batches: 1  Memory Usage: 2930kB</td>\n",
       "    </tr>\n",
       "    <tr>\n",
       "        <td>&nbsp;&nbsp;&nbsp;&nbsp;&nbsp;&nbsp;&nbsp;&nbsp;-&gt;  Seq Scan on books  (cost=0.00..752.21 rows=37221 width=34) (actual time=0.004..3.498 rows=37221 loops=1)</td>\n",
       "    </tr>\n",
       "    <tr>\n",
       "        <td>Planning time: 0.417 ms</td>\n",
       "    </tr>\n",
       "    <tr>\n",
       "        <td>Execution time: 345.715 ms</td>\n",
       "    </tr>\n",
       "</table>"
      ],
      "text/plain": [
       "[('Hash Join  (cost=26750.20..73965.12 rows=488186 width=60) (actual time=345.597..345.597 rows=0 loops=1)',),\n",
       " ('  Hash Cond: (mentions.bookid = books.id)',),\n",
       " ('  ->  Hash Join  (cost=25532.73..66584.41 rows=488186 width=30) (actual time=333.936..333.936 rows=0 loops=1)',),\n",
       " ('        Hash Cond: (mentions.cityid = cities.id)',),\n",
       " ('        ->  Seq Scan on mentions  (cost=0.00..22562.28 rows=1464528 width=8) (actual time=0.007..0.007 rows=1 loops=1)',),\n",
       " ('        ->  Hash  (cost=25331.15..25331.15 rows=16126 width=30) (actual time=333.920..333.920 rows=0 loops=1)',),\n",
       " ('              Buckets: 16384  Batches: 1  Memory Usage: 128kB',),\n",
       " ('              ->  Seq Scan on cities  (cost=0.00..25331.15 rows=16126 width=30) (actual time=333.919..333.919 rows=0 loops=1)',),\n",
       " (\"                    Filter: (sec_to_gc(cube_distance('(3815617.38379195, 774215.802496072, 5051997.71455748)'::cube, (ll_to_earth(latitude, longitude))::cube)) < '50'::double precision)\",),\n",
       " ('                    Rows Removed by Filter: 48377',),\n",
       " ('  ->  Hash  (cost=752.21..752.21 rows=37221 width=34) (actual time=11.550..11.550 rows=37221 loops=1)',),\n",
       " ('        Buckets: 65536  Batches: 1  Memory Usage: 2930kB',),\n",
       " ('        ->  Seq Scan on books  (cost=0.00..752.21 rows=37221 width=34) (actual time=0.004..3.498 rows=37221 loops=1)',),\n",
       " ('Planning time: 0.417 ms',),\n",
       " ('Execution time: 345.715 ms',)]"
      ]
     },
     "execution_count": 123,
     "metadata": {},
     "output_type": "execute_result"
    }
   ],
   "source": [
    "%%sql Explain analyse\n",
    "select cities.name, cities.latitude, cities.longitude, books.id, books.title from cities\n",
    "join mentions on (cities.id = mentions.cityid)\n",
    "join books on (mentions.bookid = books.id)\n",
    "where earth_distance(ll_to_earth(52.38, 11.47), ll_to_earth(latitude, longitude)) < 50;"
   ]
  },
  {
   "cell_type": "code",
   "execution_count": 155,
   "metadata": {},
   "outputs": [
    {
     "name": "stdout",
     "output_type": "stream",
     "text": [
      "18 rows affected.\n"
     ]
    },
    {
     "data": {
      "text/html": [
       "<table>\n",
       "    <tr>\n",
       "        <th>QUERY PLAN</th>\n",
       "    </tr>\n",
       "    <tr>\n",
       "        <td>Gather  (cost=1156.31..23211.26 rows=1453 width=60) (actual time=1.161..208.811 rows=825 loops=1)</td>\n",
       "    </tr>\n",
       "    <tr>\n",
       "        <td>&nbsp;&nbsp;Workers Planned: 2</td>\n",
       "    </tr>\n",
       "    <tr>\n",
       "        <td>&nbsp;&nbsp;Workers Launched: 2</td>\n",
       "    </tr>\n",
       "    <tr>\n",
       "        <td>&nbsp;&nbsp;-&gt;  Nested Loop  (cost=156.31..22065.96 rows=605 width=60) (actual time=1.489..200.474 rows=275 loops=3)</td>\n",
       "    </tr>\n",
       "    <tr>\n",
       "        <td>&nbsp;&nbsp;&nbsp;&nbsp;&nbsp;&nbsp;&nbsp;&nbsp;-&gt;  Hash Join  (cost=156.02..21879.13 rows=605 width=30) (actual time=1.477..199.733 rows=275 loops=3)</td>\n",
       "    </tr>\n",
       "    <tr>\n",
       "        <td>&nbsp;&nbsp;&nbsp;&nbsp;&nbsp;&nbsp;&nbsp;&nbsp;&nbsp;&nbsp;&nbsp;&nbsp;&nbsp;&nbsp;Hash Cond: (mentions.cityid = cities.id)</td>\n",
       "    </tr>\n",
       "    <tr>\n",
       "        <td>&nbsp;&nbsp;&nbsp;&nbsp;&nbsp;&nbsp;&nbsp;&nbsp;&nbsp;&nbsp;&nbsp;&nbsp;&nbsp;&nbsp;-&gt;  Parallel Seq Scan on mentions  (cost=0.00..14019.20 rows=610220 width=8) (actual time=0.006..99.702 rows=488176 loops=3)</td>\n",
       "    </tr>\n",
       "    <tr>\n",
       "        <td>&nbsp;&nbsp;&nbsp;&nbsp;&nbsp;&nbsp;&nbsp;&nbsp;&nbsp;&nbsp;&nbsp;&nbsp;&nbsp;&nbsp;-&gt;  Hash  (cost=155.42..155.42 rows=48 width=30) (actual time=0.123..0.123 rows=38 loops=3)</td>\n",
       "    </tr>\n",
       "    <tr>\n",
       "        <td>&nbsp;&nbsp;&nbsp;&nbsp;&nbsp;&nbsp;&nbsp;&nbsp;&nbsp;&nbsp;&nbsp;&nbsp;&nbsp;&nbsp;&nbsp;&nbsp;&nbsp;&nbsp;&nbsp;&nbsp;Buckets: 1024  Batches: 1  Memory Usage: 11kB</td>\n",
       "    </tr>\n",
       "    <tr>\n",
       "        <td>&nbsp;&nbsp;&nbsp;&nbsp;&nbsp;&nbsp;&nbsp;&nbsp;&nbsp;&nbsp;&nbsp;&nbsp;&nbsp;&nbsp;&nbsp;&nbsp;&nbsp;&nbsp;&nbsp;&nbsp;-&gt;  Bitmap Heap Scan on cities  (cost=4.65..155.42 rows=48 width=30) (actual time=0.094..0.115 rows=38 loops=3)</td>\n",
       "    </tr>\n",
       "    <tr>\n",
       "        <td>&nbsp;&nbsp;&nbsp;&nbsp;&nbsp;&nbsp;&nbsp;&nbsp;&nbsp;&nbsp;&nbsp;&nbsp;&nbsp;&nbsp;&nbsp;&nbsp;&nbsp;&nbsp;&nbsp;&nbsp;&nbsp;&nbsp;&nbsp;&nbsp;&nbsp;&nbsp;Recheck Cond: (&#x27;(3765617.51182041, 724215.930524535, 5001997.84258595),(3865617.25576349, 824215.67446761, 5101997.58652902)&#x27;::cube @&gt; (ll_to_earth(latitude, longitude))::cube)</td>\n",
       "    </tr>\n",
       "    <tr>\n",
       "        <td>&nbsp;&nbsp;&nbsp;&nbsp;&nbsp;&nbsp;&nbsp;&nbsp;&nbsp;&nbsp;&nbsp;&nbsp;&nbsp;&nbsp;&nbsp;&nbsp;&nbsp;&nbsp;&nbsp;&nbsp;&nbsp;&nbsp;&nbsp;&nbsp;&nbsp;&nbsp;Heap Blocks: exact=19</td>\n",
       "    </tr>\n",
       "    <tr>\n",
       "        <td>&nbsp;&nbsp;&nbsp;&nbsp;&nbsp;&nbsp;&nbsp;&nbsp;&nbsp;&nbsp;&nbsp;&nbsp;&nbsp;&nbsp;&nbsp;&nbsp;&nbsp;&nbsp;&nbsp;&nbsp;&nbsp;&nbsp;&nbsp;&nbsp;&nbsp;&nbsp;-&gt;  Bitmap Index Scan on latitude_longitude_index  (cost=0.00..4.64 rows=48 width=0) (actual time=0.089..0.089 rows=38 loops=3)</td>\n",
       "    </tr>\n",
       "    <tr>\n",
       "        <td>&nbsp;&nbsp;&nbsp;&nbsp;&nbsp;&nbsp;&nbsp;&nbsp;&nbsp;&nbsp;&nbsp;&nbsp;&nbsp;&nbsp;&nbsp;&nbsp;&nbsp;&nbsp;&nbsp;&nbsp;&nbsp;&nbsp;&nbsp;&nbsp;&nbsp;&nbsp;&nbsp;&nbsp;&nbsp;&nbsp;&nbsp;&nbsp;Index Cond: (&#x27;(3765617.51182041, 724215.930524535, 5001997.84258595),(3865617.25576349, 824215.67446761, 5101997.58652902)&#x27;::cube @&gt; (ll_to_earth(latitude, longitude))::cube)</td>\n",
       "    </tr>\n",
       "    <tr>\n",
       "        <td>&nbsp;&nbsp;&nbsp;&nbsp;&nbsp;&nbsp;&nbsp;&nbsp;-&gt;  Index Scan using books_pkey on books  (cost=0.29..0.31 rows=1 width=34) (actual time=0.002..0.002 rows=1 loops=825)</td>\n",
       "    </tr>\n",
       "    <tr>\n",
       "        <td>&nbsp;&nbsp;&nbsp;&nbsp;&nbsp;&nbsp;&nbsp;&nbsp;&nbsp;&nbsp;&nbsp;&nbsp;&nbsp;&nbsp;Index Cond: (id = mentions.bookid)</td>\n",
       "    </tr>\n",
       "    <tr>\n",
       "        <td>Planning time: 0.424 ms</td>\n",
       "    </tr>\n",
       "    <tr>\n",
       "        <td>Execution time: 209.236 ms</td>\n",
       "    </tr>\n",
       "</table>"
      ],
      "text/plain": [
       "[('Gather  (cost=1156.31..23211.26 rows=1453 width=60) (actual time=1.161..208.811 rows=825 loops=1)',),\n",
       " ('  Workers Planned: 2',),\n",
       " ('  Workers Launched: 2',),\n",
       " ('  ->  Nested Loop  (cost=156.31..22065.96 rows=605 width=60) (actual time=1.489..200.474 rows=275 loops=3)',),\n",
       " ('        ->  Hash Join  (cost=156.02..21879.13 rows=605 width=30) (actual time=1.477..199.733 rows=275 loops=3)',),\n",
       " ('              Hash Cond: (mentions.cityid = cities.id)',),\n",
       " ('              ->  Parallel Seq Scan on mentions  (cost=0.00..14019.20 rows=610220 width=8) (actual time=0.006..99.702 rows=488176 loops=3)',),\n",
       " ('              ->  Hash  (cost=155.42..155.42 rows=48 width=30) (actual time=0.123..0.123 rows=38 loops=3)',),\n",
       " ('                    Buckets: 1024  Batches: 1  Memory Usage: 11kB',),\n",
       " ('                    ->  Bitmap Heap Scan on cities  (cost=4.65..155.42 rows=48 width=30) (actual time=0.094..0.115 rows=38 loops=3)',),\n",
       " (\"                          Recheck Cond: ('(3765617.51182041, 724215.930524535, 5001997.84258595),(3865617.25576349, 824215.67446761, 5101997.58652902)'::cube @> (ll_to_earth(latitude, longitude))::cube)\",),\n",
       " ('                          Heap Blocks: exact=19',),\n",
       " ('                          ->  Bitmap Index Scan on latitude_longitude_index  (cost=0.00..4.64 rows=48 width=0) (actual time=0.089..0.089 rows=38 loops=3)',),\n",
       " (\"                                Index Cond: ('(3765617.51182041, 724215.930524535, 5001997.84258595),(3865617.25576349, 824215.67446761, 5101997.58652902)'::cube @> (ll_to_earth(latitude, longitude))::cube)\",),\n",
       " ('        ->  Index Scan using books_pkey on books  (cost=0.29..0.31 rows=1 width=34) (actual time=0.002..0.002 rows=1 loops=825)',),\n",
       " ('              Index Cond: (id = mentions.bookid)',),\n",
       " ('Planning time: 0.424 ms',),\n",
       " ('Execution time: 209.236 ms',)]"
      ]
     },
     "execution_count": 155,
     "metadata": {},
     "output_type": "execute_result"
    }
   ],
   "source": [
    "%%sql Explain analyse\n",
    "select cities.name, cities.latitude, cities.longitude, books.id, books.title from cities\n",
    "join mentions on (cities.id = mentions.cityid)\n",
    "join books on (mentions.bookid = books.id)\n",
    "where earth_box(ll_to_earth(52.38, 11.47), 50000) @> ll_to_earth(latitude, longitude);"
   ]
  },
  {
   "cell_type": "code",
   "execution_count": 149,
   "metadata": {},
   "outputs": [
    {
     "name": "stdout",
     "output_type": "stream",
     "text": [
      "24 rows affected.\n"
     ]
    },
    {
     "data": {
      "text/html": [
       "<table>\n",
       "    <tr>\n",
       "        <th>QUERY PLAN</th>\n",
       "    </tr>\n",
       "    <tr>\n",
       "        <td>Unique  (cost=23035.33..23037.75 rows=16 width=60) (actual time=214.468..214.541 rows=12 loops=1)</td>\n",
       "    </tr>\n",
       "    <tr>\n",
       "        <td>&nbsp;&nbsp;-&gt;  Sort  (cost=23035.33..23036.54 rows=484 width=60) (actual time=214.467..214.494 rows=673 loops=1)</td>\n",
       "    </tr>\n",
       "    <tr>\n",
       "        <td>&nbsp;&nbsp;&nbsp;&nbsp;&nbsp;&nbsp;&nbsp;&nbsp;Sort Key: cities.name</td>\n",
       "    </tr>\n",
       "    <tr>\n",
       "        <td>&nbsp;&nbsp;&nbsp;&nbsp;&nbsp;&nbsp;&nbsp;&nbsp;Sort Method: quicksort  Memory: 120kB</td>\n",
       "    </tr>\n",
       "    <tr>\n",
       "        <td>&nbsp;&nbsp;&nbsp;&nbsp;&nbsp;&nbsp;&nbsp;&nbsp;-&gt;  Gather  (cost=1180.14..23013.74 rows=484 width=60) (actual time=1.723..214.284 rows=673 loops=1)</td>\n",
       "    </tr>\n",
       "    <tr>\n",
       "        <td>&nbsp;&nbsp;&nbsp;&nbsp;&nbsp;&nbsp;&nbsp;&nbsp;&nbsp;&nbsp;&nbsp;&nbsp;&nbsp;&nbsp;Workers Planned: 2</td>\n",
       "    </tr>\n",
       "    <tr>\n",
       "        <td>&nbsp;&nbsp;&nbsp;&nbsp;&nbsp;&nbsp;&nbsp;&nbsp;&nbsp;&nbsp;&nbsp;&nbsp;&nbsp;&nbsp;Workers Launched: 2</td>\n",
       "    </tr>\n",
       "    <tr>\n",
       "        <td>&nbsp;&nbsp;&nbsp;&nbsp;&nbsp;&nbsp;&nbsp;&nbsp;&nbsp;&nbsp;&nbsp;&nbsp;&nbsp;&nbsp;-&gt;  Nested Loop  (cost=180.14..21965.34 rows=202 width=60) (actual time=6.853..207.154 rows=224 loops=3)</td>\n",
       "    </tr>\n",
       "    <tr>\n",
       "        <td>&nbsp;&nbsp;&nbsp;&nbsp;&nbsp;&nbsp;&nbsp;&nbsp;&nbsp;&nbsp;&nbsp;&nbsp;&nbsp;&nbsp;&nbsp;&nbsp;&nbsp;&nbsp;&nbsp;&nbsp;-&gt;  Hash Join  (cost=179.85..21902.96 rows=202 width=30) (actual time=6.838..203.561 rows=224 loops=3)</td>\n",
       "    </tr>\n",
       "    <tr>\n",
       "        <td>&nbsp;&nbsp;&nbsp;&nbsp;&nbsp;&nbsp;&nbsp;&nbsp;&nbsp;&nbsp;&nbsp;&nbsp;&nbsp;&nbsp;&nbsp;&nbsp;&nbsp;&nbsp;&nbsp;&nbsp;&nbsp;&nbsp;&nbsp;&nbsp;&nbsp;&nbsp;Hash Cond: (mentions.cityid = cities.id)</td>\n",
       "    </tr>\n",
       "    <tr>\n",
       "        <td>&nbsp;&nbsp;&nbsp;&nbsp;&nbsp;&nbsp;&nbsp;&nbsp;&nbsp;&nbsp;&nbsp;&nbsp;&nbsp;&nbsp;&nbsp;&nbsp;&nbsp;&nbsp;&nbsp;&nbsp;&nbsp;&nbsp;&nbsp;&nbsp;&nbsp;&nbsp;-&gt;  Parallel Seq Scan on mentions  (cost=0.00..14019.20 rows=610220 width=8) (actual time=0.007..93.291 rows=488176 loops=3)</td>\n",
       "    </tr>\n",
       "    <tr>\n",
       "        <td>&nbsp;&nbsp;&nbsp;&nbsp;&nbsp;&nbsp;&nbsp;&nbsp;&nbsp;&nbsp;&nbsp;&nbsp;&nbsp;&nbsp;&nbsp;&nbsp;&nbsp;&nbsp;&nbsp;&nbsp;&nbsp;&nbsp;&nbsp;&nbsp;&nbsp;&nbsp;-&gt;  Hash  (cost=179.65..179.65 rows=16 width=30) (actual time=3.258..3.258 rows=25 loops=3)</td>\n",
       "    </tr>\n",
       "    <tr>\n",
       "        <td>&nbsp;&nbsp;&nbsp;&nbsp;&nbsp;&nbsp;&nbsp;&nbsp;&nbsp;&nbsp;&nbsp;&nbsp;&nbsp;&nbsp;&nbsp;&nbsp;&nbsp;&nbsp;&nbsp;&nbsp;&nbsp;&nbsp;&nbsp;&nbsp;&nbsp;&nbsp;&nbsp;&nbsp;&nbsp;&nbsp;&nbsp;&nbsp;Buckets: 1024  Batches: 1  Memory Usage: 10kB</td>\n",
       "    </tr>\n",
       "    <tr>\n",
       "        <td>&nbsp;&nbsp;&nbsp;&nbsp;&nbsp;&nbsp;&nbsp;&nbsp;&nbsp;&nbsp;&nbsp;&nbsp;&nbsp;&nbsp;&nbsp;&nbsp;&nbsp;&nbsp;&nbsp;&nbsp;&nbsp;&nbsp;&nbsp;&nbsp;&nbsp;&nbsp;&nbsp;&nbsp;&nbsp;&nbsp;&nbsp;&nbsp;-&gt;  Bitmap Heap Scan on cities  (cost=4.64..179.65 rows=16 width=30) (actual time=2.300..3.249 rows=25 loops=3)</td>\n",
       "    </tr>\n",
       "    <tr>\n",
       "        <td>&nbsp;&nbsp;&nbsp;&nbsp;&nbsp;&nbsp;&nbsp;&nbsp;&nbsp;&nbsp;&nbsp;&nbsp;&nbsp;&nbsp;&nbsp;&nbsp;&nbsp;&nbsp;&nbsp;&nbsp;&nbsp;&nbsp;&nbsp;&nbsp;&nbsp;&nbsp;&nbsp;&nbsp;&nbsp;&nbsp;&nbsp;&nbsp;&nbsp;&nbsp;&nbsp;&nbsp;&nbsp;&nbsp;Recheck Cond: (&#x27;(3765617.51182041, 724215.930524535, 5001997.84258595),(3865617.25576349, 824215.67446761, 5101997.58652902)&#x27;::cube @&gt; (ll_to_earth(latitude, longitude))::cube)</td>\n",
       "    </tr>\n",
       "    <tr>\n",
       "        <td>&nbsp;&nbsp;&nbsp;&nbsp;&nbsp;&nbsp;&nbsp;&nbsp;&nbsp;&nbsp;&nbsp;&nbsp;&nbsp;&nbsp;&nbsp;&nbsp;&nbsp;&nbsp;&nbsp;&nbsp;&nbsp;&nbsp;&nbsp;&nbsp;&nbsp;&nbsp;&nbsp;&nbsp;&nbsp;&nbsp;&nbsp;&nbsp;&nbsp;&nbsp;&nbsp;&nbsp;&nbsp;&nbsp;Filter: (sec_to_gc(cube_distance(&#x27;(3815617.38379195, 774215.802496072, 5051997.71455748)&#x27;::cube, (ll_to_earth(latitude, longitude))::cube)) &lt; &#x27;50000&#x27;::double precision)</td>\n",
       "    </tr>\n",
       "    <tr>\n",
       "        <td>&nbsp;&nbsp;&nbsp;&nbsp;&nbsp;&nbsp;&nbsp;&nbsp;&nbsp;&nbsp;&nbsp;&nbsp;&nbsp;&nbsp;&nbsp;&nbsp;&nbsp;&nbsp;&nbsp;&nbsp;&nbsp;&nbsp;&nbsp;&nbsp;&nbsp;&nbsp;&nbsp;&nbsp;&nbsp;&nbsp;&nbsp;&nbsp;&nbsp;&nbsp;&nbsp;&nbsp;&nbsp;&nbsp;Rows Removed by Filter: 13</td>\n",
       "    </tr>\n",
       "    <tr>\n",
       "        <td>&nbsp;&nbsp;&nbsp;&nbsp;&nbsp;&nbsp;&nbsp;&nbsp;&nbsp;&nbsp;&nbsp;&nbsp;&nbsp;&nbsp;&nbsp;&nbsp;&nbsp;&nbsp;&nbsp;&nbsp;&nbsp;&nbsp;&nbsp;&nbsp;&nbsp;&nbsp;&nbsp;&nbsp;&nbsp;&nbsp;&nbsp;&nbsp;&nbsp;&nbsp;&nbsp;&nbsp;&nbsp;&nbsp;Heap Blocks: exact=19</td>\n",
       "    </tr>\n",
       "    <tr>\n",
       "        <td>&nbsp;&nbsp;&nbsp;&nbsp;&nbsp;&nbsp;&nbsp;&nbsp;&nbsp;&nbsp;&nbsp;&nbsp;&nbsp;&nbsp;&nbsp;&nbsp;&nbsp;&nbsp;&nbsp;&nbsp;&nbsp;&nbsp;&nbsp;&nbsp;&nbsp;&nbsp;&nbsp;&nbsp;&nbsp;&nbsp;&nbsp;&nbsp;&nbsp;&nbsp;&nbsp;&nbsp;&nbsp;&nbsp;-&gt;  Bitmap Index Scan on latitude_longitude_index  (cost=0.00..4.64 rows=48 width=0) (actual time=1.298..1.298 rows=38 loops=3)</td>\n",
       "    </tr>\n",
       "    <tr>\n",
       "        <td>&nbsp;&nbsp;&nbsp;&nbsp;&nbsp;&nbsp;&nbsp;&nbsp;&nbsp;&nbsp;&nbsp;&nbsp;&nbsp;&nbsp;&nbsp;&nbsp;&nbsp;&nbsp;&nbsp;&nbsp;&nbsp;&nbsp;&nbsp;&nbsp;&nbsp;&nbsp;&nbsp;&nbsp;&nbsp;&nbsp;&nbsp;&nbsp;&nbsp;&nbsp;&nbsp;&nbsp;&nbsp;&nbsp;&nbsp;&nbsp;&nbsp;&nbsp;&nbsp;&nbsp;Index Cond: (&#x27;(3765617.51182041, 724215.930524535, 5001997.84258595),(3865617.25576349, 824215.67446761, 5101997.58652902)&#x27;::cube @&gt; (ll_to_earth(latitude, longitude))::cube)</td>\n",
       "    </tr>\n",
       "    <tr>\n",
       "        <td>&nbsp;&nbsp;&nbsp;&nbsp;&nbsp;&nbsp;&nbsp;&nbsp;&nbsp;&nbsp;&nbsp;&nbsp;&nbsp;&nbsp;&nbsp;&nbsp;&nbsp;&nbsp;&nbsp;&nbsp;-&gt;  Index Scan using books_pkey on books  (cost=0.29..0.31 rows=1 width=34) (actual time=0.015..0.015 rows=1 loops=673)</td>\n",
       "    </tr>\n",
       "    <tr>\n",
       "        <td>&nbsp;&nbsp;&nbsp;&nbsp;&nbsp;&nbsp;&nbsp;&nbsp;&nbsp;&nbsp;&nbsp;&nbsp;&nbsp;&nbsp;&nbsp;&nbsp;&nbsp;&nbsp;&nbsp;&nbsp;&nbsp;&nbsp;&nbsp;&nbsp;&nbsp;&nbsp;Index Cond: (id = mentions.bookid)</td>\n",
       "    </tr>\n",
       "    <tr>\n",
       "        <td>Planning time: 0.511 ms</td>\n",
       "    </tr>\n",
       "    <tr>\n",
       "        <td>Execution time: 215.223 ms</td>\n",
       "    </tr>\n",
       "</table>"
      ],
      "text/plain": [
       "[('Unique  (cost=23035.33..23037.75 rows=16 width=60) (actual time=214.468..214.541 rows=12 loops=1)',),\n",
       " ('  ->  Sort  (cost=23035.33..23036.54 rows=484 width=60) (actual time=214.467..214.494 rows=673 loops=1)',),\n",
       " ('        Sort Key: cities.name',),\n",
       " ('        Sort Method: quicksort  Memory: 120kB',),\n",
       " ('        ->  Gather  (cost=1180.14..23013.74 rows=484 width=60) (actual time=1.723..214.284 rows=673 loops=1)',),\n",
       " ('              Workers Planned: 2',),\n",
       " ('              Workers Launched: 2',),\n",
       " ('              ->  Nested Loop  (cost=180.14..21965.34 rows=202 width=60) (actual time=6.853..207.154 rows=224 loops=3)',),\n",
       " ('                    ->  Hash Join  (cost=179.85..21902.96 rows=202 width=30) (actual time=6.838..203.561 rows=224 loops=3)',),\n",
       " ('                          Hash Cond: (mentions.cityid = cities.id)',),\n",
       " ('                          ->  Parallel Seq Scan on mentions  (cost=0.00..14019.20 rows=610220 width=8) (actual time=0.007..93.291 rows=488176 loops=3)',),\n",
       " ('                          ->  Hash  (cost=179.65..179.65 rows=16 width=30) (actual time=3.258..3.258 rows=25 loops=3)',),\n",
       " ('                                Buckets: 1024  Batches: 1  Memory Usage: 10kB',),\n",
       " ('                                ->  Bitmap Heap Scan on cities  (cost=4.64..179.65 rows=16 width=30) (actual time=2.300..3.249 rows=25 loops=3)',),\n",
       " (\"                                      Recheck Cond: ('(3765617.51182041, 724215.930524535, 5001997.84258595),(3865617.25576349, 824215.67446761, 5101997.58652902)'::cube @> (ll_to_earth(latitude, longitude))::cube)\",),\n",
       " (\"                                      Filter: (sec_to_gc(cube_distance('(3815617.38379195, 774215.802496072, 5051997.71455748)'::cube, (ll_to_earth(latitude, longitude))::cube)) < '50000'::double precision)\",),\n",
       " ('                                      Rows Removed by Filter: 13',),\n",
       " ('                                      Heap Blocks: exact=19',),\n",
       " ('                                      ->  Bitmap Index Scan on latitude_longitude_index  (cost=0.00..4.64 rows=48 width=0) (actual time=1.298..1.298 rows=38 loops=3)',),\n",
       " (\"                                            Index Cond: ('(3765617.51182041, 724215.930524535, 5001997.84258595),(3865617.25576349, 824215.67446761, 5101997.58652902)'::cube @> (ll_to_earth(latitude, longitude))::cube)\",),\n",
       " ('                    ->  Index Scan using books_pkey on books  (cost=0.29..0.31 rows=1 width=34) (actual time=0.015..0.015 rows=1 loops=673)',),\n",
       " ('                          Index Cond: (id = mentions.bookid)',),\n",
       " ('Planning time: 0.511 ms',),\n",
       " ('Execution time: 215.223 ms',)]"
      ]
     },
     "execution_count": 149,
     "metadata": {},
     "output_type": "execute_result"
    }
   ],
   "source": [
    "%%sql explain analyse\n",
    "select distinct on (cities.name) cities.name, cities.latitude, cities.longitude, books.id, books.title from cities\n",
    "join mentions on (cities.id = mentions.cityid)\n",
    "join books on (mentions.bookid = books.id)\n",
    "where earth_box(ll_to_earth(52.38, 11.47), 50000) @> ll_to_earth(latitude, longitude)\n",
    "and earth_distance(ll_to_earth(52.38, 11.47), ll_to_earth(latitude, longitude)) < 50000;"
   ]
  },
  {
   "cell_type": "code",
   "execution_count": 188,
   "metadata": {},
   "outputs": [
    {
     "name": "stdout",
     "output_type": "stream",
     "text": [
      "19 rows affected.\n"
     ]
    },
    {
     "data": {
      "text/html": [
       "<table>\n",
       "    <tr>\n",
       "        <th>QUERY PLAN</th>\n",
       "    </tr>\n",
       "    <tr>\n",
       "        <td>Unique  (cost=385428.51..387869.44 rows=15747 width=68) (actual time=538.746..538.836 rows=25 loops=1)</td>\n",
       "    </tr>\n",
       "    <tr>\n",
       "        <td>&nbsp;&nbsp;-&gt;  Sort  (cost=385428.51..386648.97 rows=488186 width=68) (actual time=538.745..538.787 rows=686 loops=1)</td>\n",
       "    </tr>\n",
       "    <tr>\n",
       "        <td>&nbsp;&nbsp;&nbsp;&nbsp;&nbsp;&nbsp;&nbsp;&nbsp;Sort Key: cities.name</td>\n",
       "    </tr>\n",
       "    <tr>\n",
       "        <td>&nbsp;&nbsp;&nbsp;&nbsp;&nbsp;&nbsp;&nbsp;&nbsp;Sort Method: quicksort  Memory: 125kB</td>\n",
       "    </tr>\n",
       "    <tr>\n",
       "        <td>&nbsp;&nbsp;&nbsp;&nbsp;&nbsp;&nbsp;&nbsp;&nbsp;-&gt;  Hash Left Join  (cost=26750.20..319278.58 rows=488186 width=68) (actual time=339.955..538.511 rows=686 loops=1)</td>\n",
       "    </tr>\n",
       "    <tr>\n",
       "        <td>&nbsp;&nbsp;&nbsp;&nbsp;&nbsp;&nbsp;&nbsp;&nbsp;&nbsp;&nbsp;&nbsp;&nbsp;&nbsp;&nbsp;Hash Cond: (mentions.bookid = books.id)</td>\n",
       "    </tr>\n",
       "    <tr>\n",
       "        <td>&nbsp;&nbsp;&nbsp;&nbsp;&nbsp;&nbsp;&nbsp;&nbsp;&nbsp;&nbsp;&nbsp;&nbsp;&nbsp;&nbsp;-&gt;  Hash Right Join  (cost=25532.73..66584.41 rows=488186 width=30) (actual time=330.139..521.889 rows=686 loops=1)</td>\n",
       "    </tr>\n",
       "    <tr>\n",
       "        <td>&nbsp;&nbsp;&nbsp;&nbsp;&nbsp;&nbsp;&nbsp;&nbsp;&nbsp;&nbsp;&nbsp;&nbsp;&nbsp;&nbsp;&nbsp;&nbsp;&nbsp;&nbsp;&nbsp;&nbsp;Hash Cond: (mentions.cityid = cities.id)</td>\n",
       "    </tr>\n",
       "    <tr>\n",
       "        <td>&nbsp;&nbsp;&nbsp;&nbsp;&nbsp;&nbsp;&nbsp;&nbsp;&nbsp;&nbsp;&nbsp;&nbsp;&nbsp;&nbsp;&nbsp;&nbsp;&nbsp;&nbsp;&nbsp;&nbsp;-&gt;  Seq Scan on mentions  (cost=0.00..22562.28 rows=1464528 width=8) (actual time=0.008..91.965 rows=1464528 loops=1)</td>\n",
       "    </tr>\n",
       "    <tr>\n",
       "        <td>&nbsp;&nbsp;&nbsp;&nbsp;&nbsp;&nbsp;&nbsp;&nbsp;&nbsp;&nbsp;&nbsp;&nbsp;&nbsp;&nbsp;&nbsp;&nbsp;&nbsp;&nbsp;&nbsp;&nbsp;-&gt;  Hash  (cost=25331.15..25331.15 rows=16126 width=30) (actual time=329.380..329.380 rows=25 loops=1)</td>\n",
       "    </tr>\n",
       "    <tr>\n",
       "        <td>&nbsp;&nbsp;&nbsp;&nbsp;&nbsp;&nbsp;&nbsp;&nbsp;&nbsp;&nbsp;&nbsp;&nbsp;&nbsp;&nbsp;&nbsp;&nbsp;&nbsp;&nbsp;&nbsp;&nbsp;&nbsp;&nbsp;&nbsp;&nbsp;&nbsp;&nbsp;Buckets: 16384  Batches: 1  Memory Usage: 130kB</td>\n",
       "    </tr>\n",
       "    <tr>\n",
       "        <td>&nbsp;&nbsp;&nbsp;&nbsp;&nbsp;&nbsp;&nbsp;&nbsp;&nbsp;&nbsp;&nbsp;&nbsp;&nbsp;&nbsp;&nbsp;&nbsp;&nbsp;&nbsp;&nbsp;&nbsp;&nbsp;&nbsp;&nbsp;&nbsp;&nbsp;&nbsp;-&gt;  Seq Scan on cities  (cost=0.00..25331.15 rows=16126 width=30) (actual time=62.940..329.361 rows=25 loops=1)</td>\n",
       "    </tr>\n",
       "    <tr>\n",
       "        <td>&nbsp;&nbsp;&nbsp;&nbsp;&nbsp;&nbsp;&nbsp;&nbsp;&nbsp;&nbsp;&nbsp;&nbsp;&nbsp;&nbsp;&nbsp;&nbsp;&nbsp;&nbsp;&nbsp;&nbsp;&nbsp;&nbsp;&nbsp;&nbsp;&nbsp;&nbsp;&nbsp;&nbsp;&nbsp;&nbsp;&nbsp;&nbsp;Filter: (sec_to_gc(cube_distance(&#x27;(3815617.38379195, 774215.802496072, 5051997.71455748)&#x27;::cube, (ll_to_earth(latitude, longitude))::cube)) &lt; &#x27;50000&#x27;::double precision)</td>\n",
       "    </tr>\n",
       "    <tr>\n",
       "        <td>&nbsp;&nbsp;&nbsp;&nbsp;&nbsp;&nbsp;&nbsp;&nbsp;&nbsp;&nbsp;&nbsp;&nbsp;&nbsp;&nbsp;&nbsp;&nbsp;&nbsp;&nbsp;&nbsp;&nbsp;&nbsp;&nbsp;&nbsp;&nbsp;&nbsp;&nbsp;&nbsp;&nbsp;&nbsp;&nbsp;&nbsp;&nbsp;Rows Removed by Filter: 48352</td>\n",
       "    </tr>\n",
       "    <tr>\n",
       "        <td>&nbsp;&nbsp;&nbsp;&nbsp;&nbsp;&nbsp;&nbsp;&nbsp;&nbsp;&nbsp;&nbsp;&nbsp;&nbsp;&nbsp;-&gt;  Hash  (cost=752.21..752.21 rows=37221 width=34) (actual time=9.500..9.500 rows=37221 loops=1)</td>\n",
       "    </tr>\n",
       "    <tr>\n",
       "        <td>&nbsp;&nbsp;&nbsp;&nbsp;&nbsp;&nbsp;&nbsp;&nbsp;&nbsp;&nbsp;&nbsp;&nbsp;&nbsp;&nbsp;&nbsp;&nbsp;&nbsp;&nbsp;&nbsp;&nbsp;Buckets: 65536  Batches: 1  Memory Usage: 2930kB</td>\n",
       "    </tr>\n",
       "    <tr>\n",
       "        <td>&nbsp;&nbsp;&nbsp;&nbsp;&nbsp;&nbsp;&nbsp;&nbsp;&nbsp;&nbsp;&nbsp;&nbsp;&nbsp;&nbsp;&nbsp;&nbsp;&nbsp;&nbsp;&nbsp;&nbsp;-&gt;  Seq Scan on books  (cost=0.00..752.21 rows=37221 width=34) (actual time=0.004..3.917 rows=37221 loops=1)</td>\n",
       "    </tr>\n",
       "    <tr>\n",
       "        <td>Planning time: 0.417 ms</td>\n",
       "    </tr>\n",
       "    <tr>\n",
       "        <td>Execution time: 538.953 ms</td>\n",
       "    </tr>\n",
       "</table>"
      ],
      "text/plain": [
       "[('Unique  (cost=385428.51..387869.44 rows=15747 width=68) (actual time=538.746..538.836 rows=25 loops=1)',),\n",
       " ('  ->  Sort  (cost=385428.51..386648.97 rows=488186 width=68) (actual time=538.745..538.787 rows=686 loops=1)',),\n",
       " ('        Sort Key: cities.name',),\n",
       " ('        Sort Method: quicksort  Memory: 125kB',),\n",
       " ('        ->  Hash Left Join  (cost=26750.20..319278.58 rows=488186 width=68) (actual time=339.955..538.511 rows=686 loops=1)',),\n",
       " ('              Hash Cond: (mentions.bookid = books.id)',),\n",
       " ('              ->  Hash Right Join  (cost=25532.73..66584.41 rows=488186 width=30) (actual time=330.139..521.889 rows=686 loops=1)',),\n",
       " ('                    Hash Cond: (mentions.cityid = cities.id)',),\n",
       " ('                    ->  Seq Scan on mentions  (cost=0.00..22562.28 rows=1464528 width=8) (actual time=0.008..91.965 rows=1464528 loops=1)',),\n",
       " ('                    ->  Hash  (cost=25331.15..25331.15 rows=16126 width=30) (actual time=329.380..329.380 rows=25 loops=1)',),\n",
       " ('                          Buckets: 16384  Batches: 1  Memory Usage: 130kB',),\n",
       " ('                          ->  Seq Scan on cities  (cost=0.00..25331.15 rows=16126 width=30) (actual time=62.940..329.361 rows=25 loops=1)',),\n",
       " (\"                                Filter: (sec_to_gc(cube_distance('(3815617.38379195, 774215.802496072, 5051997.71455748)'::cube, (ll_to_earth(latitude, longitude))::cube)) < '50000'::double precision)\",),\n",
       " ('                                Rows Removed by Filter: 48352',),\n",
       " ('              ->  Hash  (cost=752.21..752.21 rows=37221 width=34) (actual time=9.500..9.500 rows=37221 loops=1)',),\n",
       " ('                    Buckets: 65536  Batches: 1  Memory Usage: 2930kB',),\n",
       " ('                    ->  Seq Scan on books  (cost=0.00..752.21 rows=37221 width=34) (actual time=0.004..3.917 rows=37221 loops=1)',),\n",
       " ('Planning time: 0.417 ms',),\n",
       " ('Execution time: 538.953 ms',)]"
      ]
     },
     "execution_count": 188,
     "metadata": {},
     "output_type": "execute_result"
    }
   ],
   "source": [
    "%%sql explain analyse\n",
    "select distinct on (cities.name) cities.name, cities.latitude, cities.longitude, books.id, books.title,\n",
    "earth_distance(ll_to_earth(52.38, 11.47), ll_to_earth(latitude, longitude)) as distance\n",
    "from cities\n",
    "left outer join mentions on (cities.id = mentions.cityid)\n",
    "left outer join books on (mentions.bookid = books.id)\n",
    "where earth_distance(ll_to_earth(52.38, 11.47), ll_to_earth(latitude, longitude)) < 50000;"
   ]
  },
  {
   "cell_type": "code",
   "execution_count": 187,
   "metadata": {},
   "outputs": [
    {
     "name": "stdout",
     "output_type": "stream",
     "text": [
      "19 rows affected.\n"
     ]
    },
    {
     "data": {
      "text/html": [
       "<table>\n",
       "    <tr>\n",
       "        <th>QUERY PLAN</th>\n",
       "    </tr>\n",
       "    <tr>\n",
       "        <td>Unique  (cost=385428.51..387869.44 rows=15747 width=68) (actual time=527.561..527.635 rows=12 loops=1)</td>\n",
       "    </tr>\n",
       "    <tr>\n",
       "        <td>&nbsp;&nbsp;-&gt;  Sort  (cost=385428.51..386648.97 rows=488186 width=68) (actual time=527.560..527.588 rows=673 loops=1)</td>\n",
       "    </tr>\n",
       "    <tr>\n",
       "        <td>&nbsp;&nbsp;&nbsp;&nbsp;&nbsp;&nbsp;&nbsp;&nbsp;Sort Key: cities.name</td>\n",
       "    </tr>\n",
       "    <tr>\n",
       "        <td>&nbsp;&nbsp;&nbsp;&nbsp;&nbsp;&nbsp;&nbsp;&nbsp;Sort Method: quicksort  Memory: 124kB</td>\n",
       "    </tr>\n",
       "    <tr>\n",
       "        <td>&nbsp;&nbsp;&nbsp;&nbsp;&nbsp;&nbsp;&nbsp;&nbsp;-&gt;  Hash Join  (cost=26750.20..319278.58 rows=488186 width=68) (actual time=337.754..527.386 rows=673 loops=1)</td>\n",
       "    </tr>\n",
       "    <tr>\n",
       "        <td>&nbsp;&nbsp;&nbsp;&nbsp;&nbsp;&nbsp;&nbsp;&nbsp;&nbsp;&nbsp;&nbsp;&nbsp;&nbsp;&nbsp;Hash Cond: (mentions.bookid = books.id)</td>\n",
       "    </tr>\n",
       "    <tr>\n",
       "        <td>&nbsp;&nbsp;&nbsp;&nbsp;&nbsp;&nbsp;&nbsp;&nbsp;&nbsp;&nbsp;&nbsp;&nbsp;&nbsp;&nbsp;-&gt;  Hash Join  (cost=25532.73..66584.41 rows=488186 width=30) (actual time=326.853..510.245 rows=673 loops=1)</td>\n",
       "    </tr>\n",
       "    <tr>\n",
       "        <td>&nbsp;&nbsp;&nbsp;&nbsp;&nbsp;&nbsp;&nbsp;&nbsp;&nbsp;&nbsp;&nbsp;&nbsp;&nbsp;&nbsp;&nbsp;&nbsp;&nbsp;&nbsp;&nbsp;&nbsp;Hash Cond: (mentions.cityid = cities.id)</td>\n",
       "    </tr>\n",
       "    <tr>\n",
       "        <td>&nbsp;&nbsp;&nbsp;&nbsp;&nbsp;&nbsp;&nbsp;&nbsp;&nbsp;&nbsp;&nbsp;&nbsp;&nbsp;&nbsp;&nbsp;&nbsp;&nbsp;&nbsp;&nbsp;&nbsp;-&gt;  Seq Scan on mentions  (cost=0.00..22562.28 rows=1464528 width=8) (actual time=0.010..86.996 rows=1464528 loops=1)</td>\n",
       "    </tr>\n",
       "    <tr>\n",
       "        <td>&nbsp;&nbsp;&nbsp;&nbsp;&nbsp;&nbsp;&nbsp;&nbsp;&nbsp;&nbsp;&nbsp;&nbsp;&nbsp;&nbsp;&nbsp;&nbsp;&nbsp;&nbsp;&nbsp;&nbsp;-&gt;  Hash  (cost=25331.15..25331.15 rows=16126 width=30) (actual time=326.100..326.100 rows=25 loops=1)</td>\n",
       "    </tr>\n",
       "    <tr>\n",
       "        <td>&nbsp;&nbsp;&nbsp;&nbsp;&nbsp;&nbsp;&nbsp;&nbsp;&nbsp;&nbsp;&nbsp;&nbsp;&nbsp;&nbsp;&nbsp;&nbsp;&nbsp;&nbsp;&nbsp;&nbsp;&nbsp;&nbsp;&nbsp;&nbsp;&nbsp;&nbsp;Buckets: 16384  Batches: 1  Memory Usage: 130kB</td>\n",
       "    </tr>\n",
       "    <tr>\n",
       "        <td>&nbsp;&nbsp;&nbsp;&nbsp;&nbsp;&nbsp;&nbsp;&nbsp;&nbsp;&nbsp;&nbsp;&nbsp;&nbsp;&nbsp;&nbsp;&nbsp;&nbsp;&nbsp;&nbsp;&nbsp;&nbsp;&nbsp;&nbsp;&nbsp;&nbsp;&nbsp;-&gt;  Seq Scan on cities  (cost=0.00..25331.15 rows=16126 width=30) (actual time=59.114..326.087 rows=25 loops=1)</td>\n",
       "    </tr>\n",
       "    <tr>\n",
       "        <td>&nbsp;&nbsp;&nbsp;&nbsp;&nbsp;&nbsp;&nbsp;&nbsp;&nbsp;&nbsp;&nbsp;&nbsp;&nbsp;&nbsp;&nbsp;&nbsp;&nbsp;&nbsp;&nbsp;&nbsp;&nbsp;&nbsp;&nbsp;&nbsp;&nbsp;&nbsp;&nbsp;&nbsp;&nbsp;&nbsp;&nbsp;&nbsp;Filter: (sec_to_gc(cube_distance(&#x27;(3815617.38379195, 774215.802496072, 5051997.71455748)&#x27;::cube, (ll_to_earth(latitude, longitude))::cube)) &lt; &#x27;50000&#x27;::double precision)</td>\n",
       "    </tr>\n",
       "    <tr>\n",
       "        <td>&nbsp;&nbsp;&nbsp;&nbsp;&nbsp;&nbsp;&nbsp;&nbsp;&nbsp;&nbsp;&nbsp;&nbsp;&nbsp;&nbsp;&nbsp;&nbsp;&nbsp;&nbsp;&nbsp;&nbsp;&nbsp;&nbsp;&nbsp;&nbsp;&nbsp;&nbsp;&nbsp;&nbsp;&nbsp;&nbsp;&nbsp;&nbsp;Rows Removed by Filter: 48352</td>\n",
       "    </tr>\n",
       "    <tr>\n",
       "        <td>&nbsp;&nbsp;&nbsp;&nbsp;&nbsp;&nbsp;&nbsp;&nbsp;&nbsp;&nbsp;&nbsp;&nbsp;&nbsp;&nbsp;-&gt;  Hash  (cost=752.21..752.21 rows=37221 width=34) (actual time=10.630..10.630 rows=37221 loops=1)</td>\n",
       "    </tr>\n",
       "    <tr>\n",
       "        <td>&nbsp;&nbsp;&nbsp;&nbsp;&nbsp;&nbsp;&nbsp;&nbsp;&nbsp;&nbsp;&nbsp;&nbsp;&nbsp;&nbsp;&nbsp;&nbsp;&nbsp;&nbsp;&nbsp;&nbsp;Buckets: 65536  Batches: 1  Memory Usage: 2930kB</td>\n",
       "    </tr>\n",
       "    <tr>\n",
       "        <td>&nbsp;&nbsp;&nbsp;&nbsp;&nbsp;&nbsp;&nbsp;&nbsp;&nbsp;&nbsp;&nbsp;&nbsp;&nbsp;&nbsp;&nbsp;&nbsp;&nbsp;&nbsp;&nbsp;&nbsp;-&gt;  Seq Scan on books  (cost=0.00..752.21 rows=37221 width=34) (actual time=0.005..3.546 rows=37221 loops=1)</td>\n",
       "    </tr>\n",
       "    <tr>\n",
       "        <td>Planning time: 0.456 ms</td>\n",
       "    </tr>\n",
       "    <tr>\n",
       "        <td>Execution time: 527.758 ms</td>\n",
       "    </tr>\n",
       "</table>"
      ],
      "text/plain": [
       "[('Unique  (cost=385428.51..387869.44 rows=15747 width=68) (actual time=527.561..527.635 rows=12 loops=1)',),\n",
       " ('  ->  Sort  (cost=385428.51..386648.97 rows=488186 width=68) (actual time=527.560..527.588 rows=673 loops=1)',),\n",
       " ('        Sort Key: cities.name',),\n",
       " ('        Sort Method: quicksort  Memory: 124kB',),\n",
       " ('        ->  Hash Join  (cost=26750.20..319278.58 rows=488186 width=68) (actual time=337.754..527.386 rows=673 loops=1)',),\n",
       " ('              Hash Cond: (mentions.bookid = books.id)',),\n",
       " ('              ->  Hash Join  (cost=25532.73..66584.41 rows=488186 width=30) (actual time=326.853..510.245 rows=673 loops=1)',),\n",
       " ('                    Hash Cond: (mentions.cityid = cities.id)',),\n",
       " ('                    ->  Seq Scan on mentions  (cost=0.00..22562.28 rows=1464528 width=8) (actual time=0.010..86.996 rows=1464528 loops=1)',),\n",
       " ('                    ->  Hash  (cost=25331.15..25331.15 rows=16126 width=30) (actual time=326.100..326.100 rows=25 loops=1)',),\n",
       " ('                          Buckets: 16384  Batches: 1  Memory Usage: 130kB',),\n",
       " ('                          ->  Seq Scan on cities  (cost=0.00..25331.15 rows=16126 width=30) (actual time=59.114..326.087 rows=25 loops=1)',),\n",
       " (\"                                Filter: (sec_to_gc(cube_distance('(3815617.38379195, 774215.802496072, 5051997.71455748)'::cube, (ll_to_earth(latitude, longitude))::cube)) < '50000'::double precision)\",),\n",
       " ('                                Rows Removed by Filter: 48352',),\n",
       " ('              ->  Hash  (cost=752.21..752.21 rows=37221 width=34) (actual time=10.630..10.630 rows=37221 loops=1)',),\n",
       " ('                    Buckets: 65536  Batches: 1  Memory Usage: 2930kB',),\n",
       " ('                    ->  Seq Scan on books  (cost=0.00..752.21 rows=37221 width=34) (actual time=0.005..3.546 rows=37221 loops=1)',),\n",
       " ('Planning time: 0.456 ms',),\n",
       " ('Execution time: 527.758 ms',)]"
      ]
     },
     "execution_count": 187,
     "metadata": {},
     "output_type": "execute_result"
    }
   ],
   "source": [
    "%%sql explain analyse\n",
    "select distinct on (cities.name) cities.name, cities.latitude, cities.longitude, books.id, books.title,\n",
    "earth_distance(ll_to_earth(52.38, 11.47), ll_to_earth(latitude, longitude)) as distance\n",
    "from cities\n",
    "join mentions on (cities.id = mentions.cityid)\n",
    "join books on (mentions.bookid = books.id)\n",
    "where earth_distance(ll_to_earth(52.38, 11.47), ll_to_earth(latitude, longitude)) < 50000;"
   ]
  },
  {
   "cell_type": "code",
   "execution_count": 118,
   "metadata": {},
   "outputs": [
    {
     "name": "stdout",
     "output_type": "stream",
     "text": [
      "Done.\n"
     ]
    },
    {
     "data": {
      "text/plain": [
       "[]"
      ]
     },
     "execution_count": 118,
     "metadata": {},
     "output_type": "execute_result"
    }
   ],
   "source": [
    "%sql create extension btree_gist;"
   ]
  },
  {
   "cell_type": "code",
   "execution_count": 162,
   "metadata": {},
   "outputs": [
    {
     "name": "stdout",
     "output_type": "stream",
     "text": [
      "36 rows affected.\n"
     ]
    },
    {
     "data": {
      "text/html": [
       "<table>\n",
       "    <tr>\n",
       "        <th>name</th>\n",
       "        <th>latitude</th>\n",
       "        <th>longitude</th>\n",
       "        <th>id</th>\n",
       "        <th>title</th>\n",
       "    </tr>\n",
       "    <tr>\n",
       "        <td>Aschersleben</td>\n",
       "        <td>51.75742</td>\n",
       "        <td>11.46084</td>\n",
       "        <td>20136</td>\n",
       "        <td>Encyclopaedia Britannica· 11th Edition· Volume 4· Slice 4</td>\n",
       "    </tr>\n",
       "    <tr>\n",
       "        <td>Ballenstedt</td>\n",
       "        <td>51.719</td>\n",
       "        <td>11.23265</td>\n",
       "        <td>25302</td>\n",
       "        <td>Encyclopaedia Britannica· 11th Edition· Volume 13· Slice 1</td>\n",
       "    </tr>\n",
       "    <tr>\n",
       "        <td>Bernburg</td>\n",
       "        <td>51.79464</td>\n",
       "        <td>11.7401</td>\n",
       "        <td>29965</td>\n",
       "        <td>History of the Jews· Vol. V (of 6)</td>\n",
       "    </tr>\n",
       "    <tr>\n",
       "        <td>Braunschweig</td>\n",
       "        <td>52.26594</td>\n",
       "        <td>10.52673</td>\n",
       "        <td>7825</td>\n",
       "        <td>Germany and the Germans</td>\n",
       "    </tr>\n",
       "    <tr>\n",
       "        <td>Calbe</td>\n",
       "        <td>51.90668</td>\n",
       "        <td>11.77478</td>\n",
       "        <td>8478</td>\n",
       "        <td>Encyclopaedia Britannica· 11th Edition· Volume 4· Part 4</td>\n",
       "    </tr>\n",
       "    <tr>\n",
       "        <td>Dessau</td>\n",
       "        <td>51.83864</td>\n",
       "        <td>12.24555</td>\n",
       "        <td>9360</td>\n",
       "        <td>English Past and Present</td>\n",
       "    </tr>\n",
       "    <tr>\n",
       "        <td>Gardelegen</td>\n",
       "        <td>52.5252</td>\n",
       "        <td>11.39523</td>\n",
       "        <td>26731</td>\n",
       "        <td>The Assault</td>\n",
       "    </tr>\n",
       "    <tr>\n",
       "        <td>Genthin</td>\n",
       "        <td>52.40668</td>\n",
       "        <td>12.1592</td>\n",
       "        <td>18539</td>\n",
       "        <td>Tales from the German</td>\n",
       "    </tr>\n",
       "    <tr>\n",
       "        <td>Gommern</td>\n",
       "        <td>52.07391</td>\n",
       "        <td>11.82297</td>\n",
       "        <td>27471</td>\n",
       "        <td>The Golden Bough (Third Edition· Vol. 7 of 12)</td>\n",
       "    </tr>\n",
       "    <tr>\n",
       "        <td>Halberstadt</td>\n",
       "        <td>51.89562</td>\n",
       "        <td>11.05622</td>\n",
       "        <td>34688</td>\n",
       "        <td>The Project Gutenberg Works of Frederich Schiller in English</td>\n",
       "    </tr>\n",
       "    <tr>\n",
       "        <td>Havelberg</td>\n",
       "        <td>52.83088</td>\n",
       "        <td>12.07552</td>\n",
       "        <td>9471</td>\n",
       "        <td>History Of Friedrich II. of Prussia· Volume IV. (of XXI.)</td>\n",
       "    </tr>\n",
       "    <tr>\n",
       "        <td>Helmstedt</td>\n",
       "        <td>52.2279</td>\n",
       "        <td>11.00985</td>\n",
       "        <td>28485</td>\n",
       "        <td>The Criminal Prosecution and Capital Punishment of Animals</td>\n",
       "    </tr>\n",
       "    <tr>\n",
       "        <td>Ilsenburg</td>\n",
       "        <td>51.86695</td>\n",
       "        <td>10.67817</td>\n",
       "        <td>22338</td>\n",
       "        <td>Arts and Crafts Essays</td>\n",
       "    </tr>\n",
       "    <tr>\n",
       "        <td>Kloetze</td>\n",
       "        <td>52.62725</td>\n",
       "        <td>11.16424</td>\n",
       "        <td>22852</td>\n",
       "        <td>The Vulture Maiden</td>\n",
       "    </tr>\n",
       "    <tr>\n",
       "        <td>Koethen</td>\n",
       "        <td>51.75185</td>\n",
       "        <td>11.97093</td>\n",
       "        <td>36432</td>\n",
       "        <td>The Atlantic Monthly· Vol. I.· No. 3· January 1858</td>\n",
       "    </tr>\n",
       "    <tr>\n",
       "        <td>Lehre</td>\n",
       "        <td>52.33333</td>\n",
       "        <td>10.66667</td>\n",
       "        <td>23880</td>\n",
       "        <td>A Literary History of the Arabs</td>\n",
       "    </tr>\n",
       "    <tr>\n",
       "        <td>Luechow</td>\n",
       "        <td>52.96811</td>\n",
       "        <td>11.15397</td>\n",
       "        <td>23646</td>\n",
       "        <td>For Sceptre and Crown· Vol. I (of II)</td>\n",
       "    </tr>\n",
       "    <tr>\n",
       "        <td>Magdeburg</td>\n",
       "        <td>52.12773</td>\n",
       "        <td>11.62916</td>\n",
       "        <td>27641</td>\n",
       "        <td>The Southern South</td>\n",
       "    </tr>\n",
       "    <tr>\n",
       "        <td>Meinersen</td>\n",
       "        <td>52.47436</td>\n",
       "        <td>10.35247</td>\n",
       "        <td>2003</td>\n",
       "        <td>Balder The Beautiful· Vol. I.</td>\n",
       "    </tr>\n",
       "    <tr>\n",
       "        <td>Moeckern</td>\n",
       "        <td>52.14099</td>\n",
       "        <td>11.95203</td>\n",
       "        <td>3801</td>\n",
       "        <td>The Life of Napoleon I (Volumes· 1 and 2)</td>\n",
       "    </tr>\n",
       "    <tr>\n",
       "        <td>Osterburg</td>\n",
       "        <td>52.78721</td>\n",
       "        <td>11.75297</td>\n",
       "        <td>20814</td>\n",
       "        <td>A Biographical Dictionary of Freethinkers of All Ages and Nations</td>\n",
       "    </tr>\n",
       "    <tr>\n",
       "        <td>Quedlinburg</td>\n",
       "        <td>51.78843</td>\n",
       "        <td>11.15006</td>\n",
       "        <td>21151</td>\n",
       "        <td>Woman in Science</td>\n",
       "    </tr>\n",
       "    <tr>\n",
       "        <td>Rathenow</td>\n",
       "        <td>52.60659</td>\n",
       "        <td>12.33696</td>\n",
       "        <td>3953</td>\n",
       "        <td>The German Classics Of The Nineteenth And Twentieth Centuries· Volume 12</td>\n",
       "    </tr>\n",
       "    <tr>\n",
       "        <td>Rosslau</td>\n",
       "        <td>51.88736</td>\n",
       "        <td>12.24192</td>\n",
       "        <td>3215</td>\n",
       "        <td>Encyclopaedia Britannica· 11th Edition· Volume 2· Part 1· Slice 1</td>\n",
       "    </tr>\n",
       "    <tr>\n",
       "        <td>Salzwedel</td>\n",
       "        <td>52.85435</td>\n",
       "        <td>11.1525</td>\n",
       "        <td>26577</td>\n",
       "        <td>The Golden Bough (Vol. 1 of 2)</td>\n",
       "    </tr>\n",
       "    <tr>\n",
       "        <td>Schoenebeck</td>\n",
       "        <td>52.01682</td>\n",
       "        <td>11.7307</td>\n",
       "        <td>14556</td>\n",
       "        <td>The Life of Trust: Being a Narrative of the Lord&#x27;s Dealings With George Mueller</td>\n",
       "    </tr>\n",
       "    <tr>\n",
       "        <td>Stassfurt</td>\n",
       "        <td>51.85186</td>\n",
       "        <td>11.58508</td>\n",
       "        <td>9320</td>\n",
       "        <td>An Elementary Study of Chemistry</td>\n",
       "    </tr>\n",
       "    <tr>\n",
       "        <td>Tangermuende</td>\n",
       "        <td>52.54463</td>\n",
       "        <td>11.97647</td>\n",
       "        <td>10009</td>\n",
       "        <td>In and Around Berlin</td>\n",
       "    </tr>\n",
       "    <tr>\n",
       "        <td>Thale</td>\n",
       "        <td>51.74861</td>\n",
       "        <td>11.041</td>\n",
       "        <td>26580</td>\n",
       "        <td>Randolph Caldecott</td>\n",
       "    </tr>\n",
       "    <tr>\n",
       "        <td>Wanzleben</td>\n",
       "        <td>52.06087</td>\n",
       "        <td>11.4408</td>\n",
       "        <td>27471</td>\n",
       "        <td>The Golden Bough (Third Edition· Vol. 7 of 12)</td>\n",
       "    </tr>\n",
       "    <tr>\n",
       "        <td>Wernigerode</td>\n",
       "        <td>51.83652</td>\n",
       "        <td>10.78216</td>\n",
       "        <td>26372</td>\n",
       "        <td>History of the Reformation in the Sixteenth Century (Volume 1)</td>\n",
       "    </tr>\n",
       "    <tr>\n",
       "        <td>Wittenberge</td>\n",
       "        <td>53.00543</td>\n",
       "        <td>11.75032</td>\n",
       "        <td>20007</td>\n",
       "        <td>Pharos· The Egyptian</td>\n",
       "    </tr>\n",
       "    <tr>\n",
       "        <td>Wittingen</td>\n",
       "        <td>52.72694</td>\n",
       "        <td>10.73613</td>\n",
       "        <td>29606</td>\n",
       "        <td>Plant Lore· Legends· and Lyrics</td>\n",
       "    </tr>\n",
       "    <tr>\n",
       "        <td>Wolfenbuettel</td>\n",
       "        <td>52.16442</td>\n",
       "        <td>10.54095</td>\n",
       "        <td>25221</td>\n",
       "        <td>Medieval English Nunneries c. 1275 to 1535</td>\n",
       "    </tr>\n",
       "    <tr>\n",
       "        <td>Wolfsburg</td>\n",
       "        <td>52.42452</td>\n",
       "        <td>10.7815</td>\n",
       "        <td>24632</td>\n",
       "        <td>Tales From the &#x27;Phantasus&#x27;· etc. of Ludwig Tieck</td>\n",
       "    </tr>\n",
       "    <tr>\n",
       "        <td>Zerbst</td>\n",
       "        <td>51.9662</td>\n",
       "        <td>12.08517</td>\n",
       "        <td>25387</td>\n",
       "        <td>The Life of Philip Melanchthon</td>\n",
       "    </tr>\n",
       "</table>"
      ],
      "text/plain": [
       "[('Aschersleben', 51.75742, 11.46084, 20136, 'Encyclopaedia Britannica· 11th Edition· Volume 4· Slice 4'),\n",
       " ('Ballenstedt', 51.719, 11.23265, 25302, 'Encyclopaedia Britannica· 11th Edition· Volume 13· Slice 1'),\n",
       " ('Bernburg', 51.79464, 11.7401, 29965, 'History of the Jews· Vol. V (of 6)'),\n",
       " ('Braunschweig', 52.26594, 10.52673, 7825, 'Germany and the Germans'),\n",
       " ('Calbe', 51.90668, 11.77478, 8478, 'Encyclopaedia Britannica· 11th Edition· Volume 4· Part 4'),\n",
       " ('Dessau', 51.83864, 12.24555, 9360, 'English Past and Present'),\n",
       " ('Gardelegen', 52.5252, 11.39523, 26731, 'The Assault'),\n",
       " ('Genthin', 52.40668, 12.1592, 18539, 'Tales from the German'),\n",
       " ('Gommern', 52.07391, 11.82297, 27471, 'The Golden Bough (Third Edition· Vol. 7 of 12)'),\n",
       " ('Halberstadt', 51.89562, 11.05622, 34688, 'The Project Gutenberg Works of Frederich Schiller in English'),\n",
       " ('Havelberg', 52.83088, 12.07552, 9471, 'History Of Friedrich II. of Prussia· Volume IV. (of XXI.)'),\n",
       " ('Helmstedt', 52.2279, 11.00985, 28485, 'The Criminal Prosecution and Capital Punishment of Animals'),\n",
       " ('Ilsenburg', 51.86695, 10.67817, 22338, 'Arts and Crafts Essays'),\n",
       " ('Kloetze', 52.62725, 11.16424, 22852, 'The Vulture Maiden'),\n",
       " ('Koethen', 51.75185, 11.97093, 36432, 'The Atlantic Monthly· Vol. I.· No. 3· January 1858'),\n",
       " ('Lehre', 52.33333, 10.66667, 23880, 'A Literary History of the Arabs'),\n",
       " ('Luechow', 52.96811, 11.15397, 23646, 'For Sceptre and Crown· Vol. I (of II)'),\n",
       " ('Magdeburg', 52.12773, 11.62916, 27641, 'The Southern South'),\n",
       " ('Meinersen', 52.47436, 10.35247, 2003, 'Balder The Beautiful· Vol. I.'),\n",
       " ('Moeckern', 52.14099, 11.95203, 3801, 'The Life of Napoleon I (Volumes· 1 and 2)'),\n",
       " ('Osterburg', 52.78721, 11.75297, 20814, 'A Biographical Dictionary of Freethinkers of All Ages and Nations'),\n",
       " ('Quedlinburg', 51.78843, 11.15006, 21151, 'Woman in Science'),\n",
       " ('Rathenow', 52.60659, 12.33696, 3953, 'The German Classics Of The Nineteenth And Twentieth Centuries· Volume 12'),\n",
       " ('Rosslau', 51.88736, 12.24192, 3215, 'Encyclopaedia Britannica· 11th Edition· Volume 2· Part 1· Slice 1'),\n",
       " ('Salzwedel', 52.85435, 11.1525, 26577, 'The Golden Bough (Vol. 1 of 2)'),\n",
       " ('Schoenebeck', 52.01682, 11.7307, 14556, \"The Life of Trust: Being a Narrative of the Lord's Dealings With George Mueller\"),\n",
       " ('Stassfurt', 51.85186, 11.58508, 9320, 'An Elementary Study of Chemistry'),\n",
       " ('Tangermuende', 52.54463, 11.97647, 10009, 'In and Around Berlin'),\n",
       " ('Thale', 51.74861, 11.041, 26580, 'Randolph Caldecott'),\n",
       " ('Wanzleben', 52.06087, 11.4408, 27471, 'The Golden Bough (Third Edition· Vol. 7 of 12)'),\n",
       " ('Wernigerode', 51.83652, 10.78216, 26372, 'History of the Reformation in the Sixteenth Century (Volume 1)'),\n",
       " ('Wittenberge', 53.00543, 11.75032, 20007, 'Pharos· The Egyptian'),\n",
       " ('Wittingen', 52.72694, 10.73613, 29606, 'Plant Lore· Legends· and Lyrics'),\n",
       " ('Wolfenbuettel', 52.16442, 10.54095, 25221, 'Medieval English Nunneries c. 1275 to 1535'),\n",
       " ('Wolfsburg', 52.42452, 10.7815, 24632, \"Tales From the 'Phantasus'· etc. of Ludwig Tieck\"),\n",
       " ('Zerbst', 51.9662, 12.08517, 25387, 'The Life of Philip Melanchthon')]"
      ]
     },
     "execution_count": 162,
     "metadata": {},
     "output_type": "execute_result"
    }
   ],
   "source": [
    "%%sql\n",
    "select distinct on (cities.name) cities.name, cities.latitude, cities.longitude, books.id, books.title from cities\n",
    "join mentions on (cities.id = mentions.cityid)\n",
    "join books on (mentions.bookid = books.id)\n",
    "where geodistance(latitude, longitude, 52.38, 11.47) < 50;"
   ]
  },
  {
   "cell_type": "code",
   "execution_count": 159,
   "metadata": {},
   "outputs": [
    {
     "name": "stdout",
     "output_type": "stream",
     "text": [
      "53 rows affected.\n"
     ]
    },
    {
     "data": {
      "text/html": [
       "<table>\n",
       "    <tr>\n",
       "        <th>name</th>\n",
       "        <th>latitude</th>\n",
       "        <th>longitude</th>\n",
       "        <th>id</th>\n",
       "        <th>title</th>\n",
       "    </tr>\n",
       "    <tr>\n",
       "        <td>Aschersleben</td>\n",
       "        <td>51.75742</td>\n",
       "        <td>11.46084</td>\n",
       "        <td>8929</td>\n",
       "        <td>A Narrative of Some of the Lord&#x27;s Dealings with George Mueller</td>\n",
       "    </tr>\n",
       "    <tr>\n",
       "        <td>Ballenstedt</td>\n",
       "        <td>51.719</td>\n",
       "        <td>11.23265</td>\n",
       "        <td>27931</td>\n",
       "        <td>The Violoncello and Its History</td>\n",
       "    </tr>\n",
       "    <tr>\n",
       "        <td>Bernburg</td>\n",
       "        <td>51.79464</td>\n",
       "        <td>11.7401</td>\n",
       "        <td>6533</td>\n",
       "        <td>The Black Death· and The Dancing Mania</td>\n",
       "    </tr>\n",
       "    <tr>\n",
       "        <td>Braunlage</td>\n",
       "        <td>51.72651</td>\n",
       "        <td>10.6109</td>\n",
       "        <td>26580</td>\n",
       "        <td>Randolph Caldecott</td>\n",
       "    </tr>\n",
       "    <tr>\n",
       "        <td>Braunschweig</td>\n",
       "        <td>52.26594</td>\n",
       "        <td>10.52673</td>\n",
       "        <td>29979</td>\n",
       "        <td>The Rise of the Russian Empire</td>\n",
       "    </tr>\n",
       "    <tr>\n",
       "        <td>Calbe</td>\n",
       "        <td>51.90668</td>\n",
       "        <td>11.77478</td>\n",
       "        <td>27471</td>\n",
       "        <td>The Golden Bough (Third Edition· Vol. 7 of 12)</td>\n",
       "    </tr>\n",
       "    <tr>\n",
       "        <td>Coswig</td>\n",
       "        <td>51.88618</td>\n",
       "        <td>12.45009</td>\n",
       "        <td>14275</td>\n",
       "        <td>Historical Introductions to the Symbolical Books of the Evangelical Lutheran Church</td>\n",
       "    </tr>\n",
       "    <tr>\n",
       "        <td>Dannenberg</td>\n",
       "        <td>53.0967</td>\n",
       "        <td>11.09001</td>\n",
       "        <td>28798</td>\n",
       "        <td>Female Warriors· Vol. II (of 2)</td>\n",
       "    </tr>\n",
       "    <tr>\n",
       "        <td>Delitzsch</td>\n",
       "        <td>51.52546</td>\n",
       "        <td>12.34284</td>\n",
       "        <td>30145</td>\n",
       "        <td>The City of God· Volume I</td>\n",
       "    </tr>\n",
       "    <tr>\n",
       "        <td>Dessau</td>\n",
       "        <td>51.83864</td>\n",
       "        <td>12.24555</td>\n",
       "        <td>18907</td>\n",
       "        <td>Tales from the German.  Volume II.</td>\n",
       "    </tr>\n",
       "    <tr>\n",
       "        <td>Fehrbellin</td>\n",
       "        <td>52.8135</td>\n",
       "        <td>12.7644</td>\n",
       "        <td>9534</td>\n",
       "        <td>History of Friedrich II. of Prussia· Vol. X. (of XXI.)</td>\n",
       "    </tr>\n",
       "    <tr>\n",
       "        <td>Gardelegen</td>\n",
       "        <td>52.5252</td>\n",
       "        <td>11.39523</td>\n",
       "        <td>23126</td>\n",
       "        <td>Encyclopaedia Britannica· 11th Edition· Volume 11· Slice 4</td>\n",
       "    </tr>\n",
       "    <tr>\n",
       "        <td>Genthin</td>\n",
       "        <td>52.40668</td>\n",
       "        <td>12.1592</td>\n",
       "        <td>18539</td>\n",
       "        <td>Tales from the German</td>\n",
       "    </tr>\n",
       "    <tr>\n",
       "        <td>Gommern</td>\n",
       "        <td>52.07391</td>\n",
       "        <td>11.82297</td>\n",
       "        <td>26577</td>\n",
       "        <td>The Golden Bough (Vol. 1 of 2)</td>\n",
       "    </tr>\n",
       "    <tr>\n",
       "        <td>Goslar</td>\n",
       "        <td>51.90425</td>\n",
       "        <td>10.42766</td>\n",
       "        <td>22535</td>\n",
       "        <td>A History of Germany</td>\n",
       "    </tr>\n",
       "    <tr>\n",
       "        <td>Graefenhainichen</td>\n",
       "        <td>51.72892</td>\n",
       "        <td>12.45651</td>\n",
       "        <td>17123</td>\n",
       "        <td>Paul Gerhardt&#x27;s Spiritual Songs</td>\n",
       "    </tr>\n",
       "    <tr>\n",
       "        <td>Halberstadt</td>\n",
       "        <td>51.89562</td>\n",
       "        <td>11.05622</td>\n",
       "        <td>20438</td>\n",
       "        <td>Encyclopaedia Britannica· 11th Edition· Volume 2· Slice 4</td>\n",
       "    </tr>\n",
       "    <tr>\n",
       "        <td>Havelberg</td>\n",
       "        <td>52.83088</td>\n",
       "        <td>12.07552</td>\n",
       "        <td>3791</td>\n",
       "        <td>The Life of Napoleon I (Volume 2 of 2)</td>\n",
       "    </tr>\n",
       "    <tr>\n",
       "        <td>Helmstedt</td>\n",
       "        <td>52.2279</td>\n",
       "        <td>11.00985</td>\n",
       "        <td>25221</td>\n",
       "        <td>Medieval English Nunneries c. 1275 to 1535</td>\n",
       "    </tr>\n",
       "    <tr>\n",
       "        <td>Hettstedt</td>\n",
       "        <td>51.6503</td>\n",
       "        <td>11.51146</td>\n",
       "        <td>23905</td>\n",
       "        <td>De Re Metallica</td>\n",
       "    </tr>\n",
       "    <tr>\n",
       "        <td>Ilsenburg</td>\n",
       "        <td>51.86695</td>\n",
       "        <td>10.67817</td>\n",
       "        <td>16678</td>\n",
       "        <td>Mark Twain· A Biography· Vol. 2· Part 2· 1886-1900</td>\n",
       "    </tr>\n",
       "    <tr>\n",
       "        <td>Kloetze</td>\n",
       "        <td>52.62725</td>\n",
       "        <td>11.16424</td>\n",
       "        <td>22852</td>\n",
       "        <td>The Vulture Maiden</td>\n",
       "    </tr>\n",
       "    <tr>\n",
       "        <td>Koethen</td>\n",
       "        <td>51.75185</td>\n",
       "        <td>11.97093</td>\n",
       "        <td>15065</td>\n",
       "        <td>History of Education</td>\n",
       "    </tr>\n",
       "    <tr>\n",
       "        <td>Kyritz</td>\n",
       "        <td>52.94212</td>\n",
       "        <td>12.39704</td>\n",
       "        <td>27901</td>\n",
       "        <td>The Grey Friars in Oxford</td>\n",
       "    </tr>\n",
       "    <tr>\n",
       "        <td>Lauenburg</td>\n",
       "        <td>53.37199</td>\n",
       "        <td>10.55654</td>\n",
       "        <td>32122</td>\n",
       "        <td>One Year in Scandinavia</td>\n",
       "    </tr>\n",
       "    <tr>\n",
       "        <td>Lehre</td>\n",
       "        <td>52.33333</td>\n",
       "        <td>10.66667</td>\n",
       "        <td>23880</td>\n",
       "        <td>A Literary History of the Arabs</td>\n",
       "    </tr>\n",
       "    <tr>\n",
       "        <td>Leipzig</td>\n",
       "        <td>51.33962</td>\n",
       "        <td>12.37129</td>\n",
       "        <td>18587</td>\n",
       "        <td>Encyclopaedia Britannica· 11th Edition· Volume 7· Slice 3</td>\n",
       "    </tr>\n",
       "    <tr>\n",
       "        <td>Luechow</td>\n",
       "        <td>52.96811</td>\n",
       "        <td>11.15397</td>\n",
       "        <td>23646</td>\n",
       "        <td>For Sceptre and Crown· Vol. I (of II)</td>\n",
       "    </tr>\n",
       "    <tr>\n",
       "        <td>Magdeburg</td>\n",
       "        <td>52.12773</td>\n",
       "        <td>11.62916</td>\n",
       "        <td>14003</td>\n",
       "        <td>George Muller of Bristol</td>\n",
       "    </tr>\n",
       "    <tr>\n",
       "        <td>Meinersen</td>\n",
       "        <td>52.47436</td>\n",
       "        <td>10.35247</td>\n",
       "        <td>2003</td>\n",
       "        <td>Balder The Beautiful· Vol. I.</td>\n",
       "    </tr>\n",
       "    <tr>\n",
       "        <td>Moeckern</td>\n",
       "        <td>52.14099</td>\n",
       "        <td>11.95203</td>\n",
       "        <td>14866</td>\n",
       "        <td>Principles Of Political Economy</td>\n",
       "    </tr>\n",
       "    <tr>\n",
       "        <td>Neuruppin</td>\n",
       "        <td>52.92815</td>\n",
       "        <td>12.80311</td>\n",
       "        <td>23719</td>\n",
       "        <td>Encyclopaedia Britannica· 11th Edition· Volume 11· Slice 1  Franciscans  to  French Language</td>\n",
       "    </tr>\n",
       "    <tr>\n",
       "        <td>Osterburg</td>\n",
       "        <td>52.78721</td>\n",
       "        <td>11.75297</td>\n",
       "        <td>20814</td>\n",
       "        <td>A Biographical Dictionary of Freethinkers of All Ages and Nations</td>\n",
       "    </tr>\n",
       "    <tr>\n",
       "        <td>Perleberg</td>\n",
       "        <td>53.07583</td>\n",
       "        <td>11.85739</td>\n",
       "        <td>20385</td>\n",
       "        <td>The Popes and Science</td>\n",
       "    </tr>\n",
       "    <tr>\n",
       "        <td>Pritzwalk</td>\n",
       "        <td>53.14945</td>\n",
       "        <td>12.17405</td>\n",
       "        <td>20385</td>\n",
       "        <td>The Popes and Science</td>\n",
       "    </tr>\n",
       "    <tr>\n",
       "        <td>Quedlinburg</td>\n",
       "        <td>51.78843</td>\n",
       "        <td>11.15006</td>\n",
       "        <td>2075</td>\n",
       "        <td>The Nuttall Encyclopaedia</td>\n",
       "    </tr>\n",
       "    <tr>\n",
       "        <td>Rathenow</td>\n",
       "        <td>52.60659</td>\n",
       "        <td>12.33696</td>\n",
       "        <td>21300</td>\n",
       "        <td>Encyclopaedia Britannica· 11th Edition· Volume 9· Slice 2</td>\n",
       "    </tr>\n",
       "    <tr>\n",
       "        <td>Rosslau</td>\n",
       "        <td>51.88736</td>\n",
       "        <td>12.24192</td>\n",
       "        <td>21079</td>\n",
       "        <td>The Life of Napoleon Bonaparte</td>\n",
       "    </tr>\n",
       "    <tr>\n",
       "        <td>Salzwedel</td>\n",
       "        <td>52.85435</td>\n",
       "        <td>11.1525</td>\n",
       "        <td>26577</td>\n",
       "        <td>The Golden Bough (Vol. 1 of 2)</td>\n",
       "    </tr>\n",
       "    <tr>\n",
       "        <td>Schoenebeck</td>\n",
       "        <td>52.01682</td>\n",
       "        <td>11.7307</td>\n",
       "        <td>37227</td>\n",
       "        <td>A Dictionary of Arts· Manufactures and Mines</td>\n",
       "    </tr>\n",
       "    <tr>\n",
       "        <td>Seesen</td>\n",
       "        <td>51.89095</td>\n",
       "        <td>10.17847</td>\n",
       "        <td>6590</td>\n",
       "        <td>Great Violinists And Pianists</td>\n",
       "    </tr>\n",
       "    <tr>\n",
       "        <td>Stassfurt</td>\n",
       "        <td>51.85186</td>\n",
       "        <td>11.58508</td>\n",
       "        <td>9320</td>\n",
       "        <td>An Elementary Study of Chemistry</td>\n",
       "    </tr>\n",
       "    <tr>\n",
       "        <td>Tangermuende</td>\n",
       "        <td>52.54463</td>\n",
       "        <td>11.97647</td>\n",
       "        <td>24495</td>\n",
       "        <td>The Thirteenth</td>\n",
       "    </tr>\n",
       "    <tr>\n",
       "        <td>Thale</td>\n",
       "        <td>51.74861</td>\n",
       "        <td>11.041</td>\n",
       "        <td>26580</td>\n",
       "        <td>Randolph Caldecott</td>\n",
       "    </tr>\n",
       "    <tr>\n",
       "        <td>Uelzen</td>\n",
       "        <td>52.96572</td>\n",
       "        <td>10.56111</td>\n",
       "        <td>20136</td>\n",
       "        <td>Encyclopaedia Britannica· 11th Edition· Volume 4· Slice 4</td>\n",
       "    </tr>\n",
       "    <tr>\n",
       "        <td>Wanzleben</td>\n",
       "        <td>52.06087</td>\n",
       "        <td>11.4408</td>\n",
       "        <td>26823</td>\n",
       "        <td>The Golden Bough (Vol. 2 of 2)</td>\n",
       "    </tr>\n",
       "    <tr>\n",
       "        <td>Wernigerode</td>\n",
       "        <td>51.83652</td>\n",
       "        <td>10.78216</td>\n",
       "        <td>34866</td>\n",
       "        <td>Equinoctial Regions of America V2</td>\n",
       "    </tr>\n",
       "    <tr>\n",
       "        <td>Wittenberge</td>\n",
       "        <td>53.00543</td>\n",
       "        <td>11.75032</td>\n",
       "        <td>20007</td>\n",
       "        <td>Pharos· The Egyptian</td>\n",
       "    </tr>\n",
       "    <tr>\n",
       "        <td>Wittingen</td>\n",
       "        <td>52.72694</td>\n",
       "        <td>10.73613</td>\n",
       "        <td>29606</td>\n",
       "        <td>Plant Lore· Legends· and Lyrics</td>\n",
       "    </tr>\n",
       "    <tr>\n",
       "        <td>Wolfenbuettel</td>\n",
       "        <td>52.16442</td>\n",
       "        <td>10.54095</td>\n",
       "        <td>20259</td>\n",
       "        <td>Bartholomew Sastrow</td>\n",
       "    </tr>\n",
       "    <tr>\n",
       "        <td>Wolfsburg</td>\n",
       "        <td>52.42452</td>\n",
       "        <td>10.7815</td>\n",
       "        <td>32359</td>\n",
       "        <td>The Lion of the North</td>\n",
       "    </tr>\n",
       "    <tr>\n",
       "        <td>Wusterhausen</td>\n",
       "        <td>52.8912</td>\n",
       "        <td>12.46021</td>\n",
       "        <td>9522</td>\n",
       "        <td>History of Friedrich II. of Prussia· Vol. IX. (of XXI.)</td>\n",
       "    </tr>\n",
       "    <tr>\n",
       "        <td>Zerbst</td>\n",
       "        <td>51.9662</td>\n",
       "        <td>12.08517</td>\n",
       "        <td>25387</td>\n",
       "        <td>The Life of Philip Melanchthon</td>\n",
       "    </tr>\n",
       "</table>"
      ],
      "text/plain": [
       "[('Aschersleben', 51.75742, 11.46084, 8929, \"A Narrative of Some of the Lord's Dealings with George Mueller\"),\n",
       " ('Ballenstedt', 51.719, 11.23265, 27931, 'The Violoncello and Its History'),\n",
       " ('Bernburg', 51.79464, 11.7401, 6533, 'The Black Death· and The Dancing Mania'),\n",
       " ('Braunlage', 51.72651, 10.6109, 26580, 'Randolph Caldecott'),\n",
       " ('Braunschweig', 52.26594, 10.52673, 29979, 'The Rise of the Russian Empire'),\n",
       " ('Calbe', 51.90668, 11.77478, 27471, 'The Golden Bough (Third Edition· Vol. 7 of 12)'),\n",
       " ('Coswig', 51.88618, 12.45009, 14275, 'Historical Introductions to the Symbolical Books of the Evangelical Lutheran Church'),\n",
       " ('Dannenberg', 53.0967, 11.09001, 28798, 'Female Warriors· Vol. II (of 2)'),\n",
       " ('Delitzsch', 51.52546, 12.34284, 30145, 'The City of God· Volume I'),\n",
       " ('Dessau', 51.83864, 12.24555, 18907, 'Tales from the German.  Volume II.'),\n",
       " ('Fehrbellin', 52.8135, 12.7644, 9534, 'History of Friedrich II. of Prussia· Vol. X. (of XXI.)'),\n",
       " ('Gardelegen', 52.5252, 11.39523, 23126, 'Encyclopaedia Britannica· 11th Edition· Volume 11· Slice 4'),\n",
       " ('Genthin', 52.40668, 12.1592, 18539, 'Tales from the German'),\n",
       " ('Gommern', 52.07391, 11.82297, 26577, 'The Golden Bough (Vol. 1 of 2)'),\n",
       " ('Goslar', 51.90425, 10.42766, 22535, 'A History of Germany'),\n",
       " ('Graefenhainichen', 51.72892, 12.45651, 17123, \"Paul Gerhardt's Spiritual Songs\"),\n",
       " ('Halberstadt', 51.89562, 11.05622, 20438, 'Encyclopaedia Britannica· 11th Edition· Volume 2· Slice 4'),\n",
       " ('Havelberg', 52.83088, 12.07552, 3791, 'The Life of Napoleon I (Volume 2 of 2)'),\n",
       " ('Helmstedt', 52.2279, 11.00985, 25221, 'Medieval English Nunneries c. 1275 to 1535'),\n",
       " ('Hettstedt', 51.6503, 11.51146, 23905, 'De Re Metallica'),\n",
       " ('Ilsenburg', 51.86695, 10.67817, 16678, 'Mark Twain· A Biography· Vol. 2· Part 2· 1886-1900'),\n",
       " ('Kloetze', 52.62725, 11.16424, 22852, 'The Vulture Maiden'),\n",
       " ('Koethen', 51.75185, 11.97093, 15065, 'History of Education'),\n",
       " ('Kyritz', 52.94212, 12.39704, 27901, 'The Grey Friars in Oxford'),\n",
       " ('Lauenburg', 53.37199, 10.55654, 32122, 'One Year in Scandinavia'),\n",
       " ('Lehre', 52.33333, 10.66667, 23880, 'A Literary History of the Arabs'),\n",
       " ('Leipzig', 51.33962, 12.37129, 18587, 'Encyclopaedia Britannica· 11th Edition· Volume 7· Slice 3'),\n",
       " ('Luechow', 52.96811, 11.15397, 23646, 'For Sceptre and Crown· Vol. I (of II)'),\n",
       " ('Magdeburg', 52.12773, 11.62916, 14003, 'George Muller of Bristol'),\n",
       " ('Meinersen', 52.47436, 10.35247, 2003, 'Balder The Beautiful· Vol. I.'),\n",
       " ('Moeckern', 52.14099, 11.95203, 14866, 'Principles Of Political Economy'),\n",
       " ('Neuruppin', 52.92815, 12.80311, 23719, 'Encyclopaedia Britannica· 11th Edition· Volume 11· Slice 1  Franciscans  to  French Language'),\n",
       " ('Osterburg', 52.78721, 11.75297, 20814, 'A Biographical Dictionary of Freethinkers of All Ages and Nations'),\n",
       " ('Perleberg', 53.07583, 11.85739, 20385, 'The Popes and Science'),\n",
       " ('Pritzwalk', 53.14945, 12.17405, 20385, 'The Popes and Science'),\n",
       " ('Quedlinburg', 51.78843, 11.15006, 2075, 'The Nuttall Encyclopaedia'),\n",
       " ('Rathenow', 52.60659, 12.33696, 21300, 'Encyclopaedia Britannica· 11th Edition· Volume 9· Slice 2'),\n",
       " ('Rosslau', 51.88736, 12.24192, 21079, 'The Life of Napoleon Bonaparte'),\n",
       " ('Salzwedel', 52.85435, 11.1525, 26577, 'The Golden Bough (Vol. 1 of 2)'),\n",
       " ('Schoenebeck', 52.01682, 11.7307, 37227, 'A Dictionary of Arts· Manufactures and Mines'),\n",
       " ('Seesen', 51.89095, 10.17847, 6590, 'Great Violinists And Pianists'),\n",
       " ('Stassfurt', 51.85186, 11.58508, 9320, 'An Elementary Study of Chemistry'),\n",
       " ('Tangermuende', 52.54463, 11.97647, 24495, 'The Thirteenth'),\n",
       " ('Thale', 51.74861, 11.041, 26580, 'Randolph Caldecott'),\n",
       " ('Uelzen', 52.96572, 10.56111, 20136, 'Encyclopaedia Britannica· 11th Edition· Volume 4· Slice 4'),\n",
       " ('Wanzleben', 52.06087, 11.4408, 26823, 'The Golden Bough (Vol. 2 of 2)'),\n",
       " ('Wernigerode', 51.83652, 10.78216, 34866, 'Equinoctial Regions of America V2'),\n",
       " ('Wittenberge', 53.00543, 11.75032, 20007, 'Pharos· The Egyptian'),\n",
       " ('Wittingen', 52.72694, 10.73613, 29606, 'Plant Lore· Legends· and Lyrics'),\n",
       " ('Wolfenbuettel', 52.16442, 10.54095, 20259, 'Bartholomew Sastrow'),\n",
       " ('Wolfsburg', 52.42452, 10.7815, 32359, 'The Lion of the North'),\n",
       " ('Wusterhausen', 52.8912, 12.46021, 9522, 'History of Friedrich II. of Prussia· Vol. IX. (of XXI.)'),\n",
       " ('Zerbst', 51.9662, 12.08517, 25387, 'The Life of Philip Melanchthon')]"
      ]
     },
     "execution_count": 159,
     "metadata": {},
     "output_type": "execute_result"
    }
   ],
   "source": [
    "%%sql\n",
    "select distinct on (cities.name) cities.name, cities.latitude, cities.longitude, books.id, books.title from cities\n",
    "join mentions on (cities.id = mentions.cityid)\n",
    "join books on (mentions.bookid = books.id)\n",
    "where earth_box(ll_to_earth(52.38, 11.47), 50000*1.6) @> ll_to_earth(latitude, longitude);"
   ]
  },
  {
   "cell_type": "code",
   "execution_count": 171,
   "metadata": {},
   "outputs": [
    {
     "name": "stdout",
     "output_type": "stream",
     "text": [
      "35 rows affected.\n"
     ]
    },
    {
     "data": {
      "text/html": [
       "<table>\n",
       "    <tr>\n",
       "        <th>name</th>\n",
       "        <th>latitude</th>\n",
       "        <th>longitude</th>\n",
       "        <th>id</th>\n",
       "        <th>title</th>\n",
       "    </tr>\n",
       "    <tr>\n",
       "        <td>Aschersleben</td>\n",
       "        <td>51.75742</td>\n",
       "        <td>11.46084</td>\n",
       "        <td>20197</td>\n",
       "        <td>Pictures of German Life in the XVIIIth and XIXth Centuries· Vol. I.</td>\n",
       "    </tr>\n",
       "    <tr>\n",
       "        <td>Ballenstedt</td>\n",
       "        <td>51.719</td>\n",
       "        <td>11.23265</td>\n",
       "        <td>23448</td>\n",
       "        <td>Letters of Franz Liszt· Volume 2:  From Rome to the End</td>\n",
       "    </tr>\n",
       "    <tr>\n",
       "        <td>Bernburg</td>\n",
       "        <td>51.79464</td>\n",
       "        <td>11.7401</td>\n",
       "        <td>20828</td>\n",
       "        <td>Encyclopaedia Britannica· 11th Edition· Volume 3· Slice 5</td>\n",
       "    </tr>\n",
       "    <tr>\n",
       "        <td>Braunschweig</td>\n",
       "        <td>52.26594</td>\n",
       "        <td>10.52673</td>\n",
       "        <td>25937</td>\n",
       "        <td>Encyclopaedia Britannica· 11th Edition· Volume 14· Slice 2</td>\n",
       "    </tr>\n",
       "    <tr>\n",
       "        <td>Calbe</td>\n",
       "        <td>51.90668</td>\n",
       "        <td>11.77478</td>\n",
       "        <td>27471</td>\n",
       "        <td>The Golden Bough (Third Edition· Vol. 7 of 12)</td>\n",
       "    </tr>\n",
       "    <tr>\n",
       "        <td>Gardelegen</td>\n",
       "        <td>52.5252</td>\n",
       "        <td>11.39523</td>\n",
       "        <td>27471</td>\n",
       "        <td>The Golden Bough (Third Edition· Vol. 7 of 12)</td>\n",
       "    </tr>\n",
       "    <tr>\n",
       "        <td>Genthin</td>\n",
       "        <td>52.40668</td>\n",
       "        <td>12.1592</td>\n",
       "        <td>18539</td>\n",
       "        <td>Tales from the German</td>\n",
       "    </tr>\n",
       "    <tr>\n",
       "        <td>Gommern</td>\n",
       "        <td>52.07391</td>\n",
       "        <td>11.82297</td>\n",
       "        <td>29713</td>\n",
       "        <td>The Golden Bough: A Study in Magic and Religion (Third Edition· Vol.</td>\n",
       "    </tr>\n",
       "    <tr>\n",
       "        <td>Halberstadt</td>\n",
       "        <td>51.89562</td>\n",
       "        <td>11.05622</td>\n",
       "        <td>24247</td>\n",
       "        <td>Encyclopaedia Britannica· 11th Edition· Volume 12· Slice 7</td>\n",
       "    </tr>\n",
       "    <tr>\n",
       "        <td>Havelberg</td>\n",
       "        <td>52.83088</td>\n",
       "        <td>12.07552</td>\n",
       "        <td>3791</td>\n",
       "        <td>The Life of Napoleon I (Volume 2 of 2)</td>\n",
       "    </tr>\n",
       "    <tr>\n",
       "        <td>Helmstedt</td>\n",
       "        <td>52.2279</td>\n",
       "        <td>11.00985</td>\n",
       "        <td>28485</td>\n",
       "        <td>The Criminal Prosecution and Capital Punishment of Animals</td>\n",
       "    </tr>\n",
       "    <tr>\n",
       "        <td>Ilsenburg</td>\n",
       "        <td>51.86695</td>\n",
       "        <td>10.67817</td>\n",
       "        <td>7877</td>\n",
       "        <td>Christmas in Ritual and Tradition· Christian and Pagan</td>\n",
       "    </tr>\n",
       "    <tr>\n",
       "        <td>Kloetze</td>\n",
       "        <td>52.62725</td>\n",
       "        <td>11.16424</td>\n",
       "        <td>22852</td>\n",
       "        <td>The Vulture Maiden</td>\n",
       "    </tr>\n",
       "    <tr>\n",
       "        <td>Koethen</td>\n",
       "        <td>51.75185</td>\n",
       "        <td>11.97093</td>\n",
       "        <td>16952</td>\n",
       "        <td>The Great Events by Famous Historians· v. 13</td>\n",
       "    </tr>\n",
       "    <tr>\n",
       "        <td>Lehre</td>\n",
       "        <td>52.33333</td>\n",
       "        <td>10.66667</td>\n",
       "        <td>23880</td>\n",
       "        <td>A Literary History of the Arabs</td>\n",
       "    </tr>\n",
       "    <tr>\n",
       "        <td>Luechow</td>\n",
       "        <td>52.96811</td>\n",
       "        <td>11.15397</td>\n",
       "        <td>23646</td>\n",
       "        <td>For Sceptre and Crown· Vol. I (of II)</td>\n",
       "    </tr>\n",
       "    <tr>\n",
       "        <td>Magdeburg</td>\n",
       "        <td>52.12773</td>\n",
       "        <td>11.62916</td>\n",
       "        <td>19599</td>\n",
       "        <td>Famous Singers of To-day and Yesterday</td>\n",
       "    </tr>\n",
       "    <tr>\n",
       "        <td>Meinersen</td>\n",
       "        <td>52.47436</td>\n",
       "        <td>10.35247</td>\n",
       "        <td>2003</td>\n",
       "        <td>Balder The Beautiful· Vol. I.</td>\n",
       "    </tr>\n",
       "    <tr>\n",
       "        <td>Moeckern</td>\n",
       "        <td>52.14099</td>\n",
       "        <td>11.95203</td>\n",
       "        <td>14866</td>\n",
       "        <td>Principles Of Political Economy</td>\n",
       "    </tr>\n",
       "    <tr>\n",
       "        <td>Osterburg</td>\n",
       "        <td>52.78721</td>\n",
       "        <td>11.75297</td>\n",
       "        <td>20814</td>\n",
       "        <td>A Biographical Dictionary of Freethinkers of All Ages and Nations</td>\n",
       "    </tr>\n",
       "    <tr>\n",
       "        <td>Quedlinburg</td>\n",
       "        <td>51.78843</td>\n",
       "        <td>11.15006</td>\n",
       "        <td>29109</td>\n",
       "        <td>The Every Day Book of History and Chronology</td>\n",
       "    </tr>\n",
       "    <tr>\n",
       "        <td>Rathenow</td>\n",
       "        <td>52.60659</td>\n",
       "        <td>12.33696</td>\n",
       "        <td>30710</td>\n",
       "        <td>Louis Spohr&#x27;s Autobiography</td>\n",
       "    </tr>\n",
       "    <tr>\n",
       "        <td>Rosslau</td>\n",
       "        <td>51.88736</td>\n",
       "        <td>12.24192</td>\n",
       "        <td>21300</td>\n",
       "        <td>Encyclopaedia Britannica· 11th Edition· Volume 9· Slice 2</td>\n",
       "    </tr>\n",
       "    <tr>\n",
       "        <td>Salzwedel</td>\n",
       "        <td>52.85435</td>\n",
       "        <td>11.1525</td>\n",
       "        <td>26577</td>\n",
       "        <td>The Golden Bough (Vol. 1 of 2)</td>\n",
       "    </tr>\n",
       "    <tr>\n",
       "        <td>Schoenebeck</td>\n",
       "        <td>52.01682</td>\n",
       "        <td>11.7307</td>\n",
       "        <td>14556</td>\n",
       "        <td>The Life of Trust: Being a Narrative of the Lord&#x27;s Dealings With George Mueller</td>\n",
       "    </tr>\n",
       "    <tr>\n",
       "        <td>Stassfurt</td>\n",
       "        <td>51.85186</td>\n",
       "        <td>11.58508</td>\n",
       "        <td>37013</td>\n",
       "        <td>City of Endless Night</td>\n",
       "    </tr>\n",
       "    <tr>\n",
       "        <td>Tangermuende</td>\n",
       "        <td>52.54463</td>\n",
       "        <td>11.97647</td>\n",
       "        <td>24495</td>\n",
       "        <td>The Thirteenth</td>\n",
       "    </tr>\n",
       "    <tr>\n",
       "        <td>Thale</td>\n",
       "        <td>51.74861</td>\n",
       "        <td>11.041</td>\n",
       "        <td>1374</td>\n",
       "        <td>Views a-foot</td>\n",
       "    </tr>\n",
       "    <tr>\n",
       "        <td>Wanzleben</td>\n",
       "        <td>52.06087</td>\n",
       "        <td>11.4408</td>\n",
       "        <td>27471</td>\n",
       "        <td>The Golden Bough (Third Edition· Vol. 7 of 12)</td>\n",
       "    </tr>\n",
       "    <tr>\n",
       "        <td>Wernigerode</td>\n",
       "        <td>51.83652</td>\n",
       "        <td>10.78216</td>\n",
       "        <td>25072</td>\n",
       "        <td>Encyclopaedia Britannica· 11th Edition· Volume 13· Slice 4</td>\n",
       "    </tr>\n",
       "    <tr>\n",
       "        <td>Wittenberge</td>\n",
       "        <td>53.00543</td>\n",
       "        <td>11.75032</td>\n",
       "        <td>20007</td>\n",
       "        <td>Pharos· The Egyptian</td>\n",
       "    </tr>\n",
       "    <tr>\n",
       "        <td>Wittingen</td>\n",
       "        <td>52.72694</td>\n",
       "        <td>10.73613</td>\n",
       "        <td>29606</td>\n",
       "        <td>Plant Lore· Legends· and Lyrics</td>\n",
       "    </tr>\n",
       "    <tr>\n",
       "        <td>Wolfenbuettel</td>\n",
       "        <td>52.16442</td>\n",
       "        <td>10.54095</td>\n",
       "        <td>7739</td>\n",
       "        <td>The Great Book-Collectors</td>\n",
       "    </tr>\n",
       "    <tr>\n",
       "        <td>Wolfsburg</td>\n",
       "        <td>52.42452</td>\n",
       "        <td>10.7815</td>\n",
       "        <td>32359</td>\n",
       "        <td>The Lion of the North</td>\n",
       "    </tr>\n",
       "    <tr>\n",
       "        <td>Zerbst</td>\n",
       "        <td>51.9662</td>\n",
       "        <td>12.08517</td>\n",
       "        <td>17524</td>\n",
       "        <td>The Count&#x27;s Chauffeur</td>\n",
       "    </tr>\n",
       "</table>"
      ],
      "text/plain": [
       "[('Aschersleben', 51.75742, 11.46084, 20197, 'Pictures of German Life in the XVIIIth and XIXth Centuries· Vol. I.'),\n",
       " ('Ballenstedt', 51.719, 11.23265, 23448, 'Letters of Franz Liszt· Volume 2:  From Rome to the End'),\n",
       " ('Bernburg', 51.79464, 11.7401, 20828, 'Encyclopaedia Britannica· 11th Edition· Volume 3· Slice 5'),\n",
       " ('Braunschweig', 52.26594, 10.52673, 25937, 'Encyclopaedia Britannica· 11th Edition· Volume 14· Slice 2'),\n",
       " ('Calbe', 51.90668, 11.77478, 27471, 'The Golden Bough (Third Edition· Vol. 7 of 12)'),\n",
       " ('Gardelegen', 52.5252, 11.39523, 27471, 'The Golden Bough (Third Edition· Vol. 7 of 12)'),\n",
       " ('Genthin', 52.40668, 12.1592, 18539, 'Tales from the German'),\n",
       " ('Gommern', 52.07391, 11.82297, 29713, 'The Golden Bough: A Study in Magic and Religion (Third Edition· Vol.'),\n",
       " ('Halberstadt', 51.89562, 11.05622, 24247, 'Encyclopaedia Britannica· 11th Edition· Volume 12· Slice 7'),\n",
       " ('Havelberg', 52.83088, 12.07552, 3791, 'The Life of Napoleon I (Volume 2 of 2)'),\n",
       " ('Helmstedt', 52.2279, 11.00985, 28485, 'The Criminal Prosecution and Capital Punishment of Animals'),\n",
       " ('Ilsenburg', 51.86695, 10.67817, 7877, 'Christmas in Ritual and Tradition· Christian and Pagan'),\n",
       " ('Kloetze', 52.62725, 11.16424, 22852, 'The Vulture Maiden'),\n",
       " ('Koethen', 51.75185, 11.97093, 16952, 'The Great Events by Famous Historians· v. 13'),\n",
       " ('Lehre', 52.33333, 10.66667, 23880, 'A Literary History of the Arabs'),\n",
       " ('Luechow', 52.96811, 11.15397, 23646, 'For Sceptre and Crown· Vol. I (of II)'),\n",
       " ('Magdeburg', 52.12773, 11.62916, 19599, 'Famous Singers of To-day and Yesterday'),\n",
       " ('Meinersen', 52.47436, 10.35247, 2003, 'Balder The Beautiful· Vol. I.'),\n",
       " ('Moeckern', 52.14099, 11.95203, 14866, 'Principles Of Political Economy'),\n",
       " ('Osterburg', 52.78721, 11.75297, 20814, 'A Biographical Dictionary of Freethinkers of All Ages and Nations'),\n",
       " ('Quedlinburg', 51.78843, 11.15006, 29109, 'The Every Day Book of History and Chronology'),\n",
       " ('Rathenow', 52.60659, 12.33696, 30710, \"Louis Spohr's Autobiography\"),\n",
       " ('Rosslau', 51.88736, 12.24192, 21300, 'Encyclopaedia Britannica· 11th Edition· Volume 9· Slice 2'),\n",
       " ('Salzwedel', 52.85435, 11.1525, 26577, 'The Golden Bough (Vol. 1 of 2)'),\n",
       " ('Schoenebeck', 52.01682, 11.7307, 14556, \"The Life of Trust: Being a Narrative of the Lord's Dealings With George Mueller\"),\n",
       " ('Stassfurt', 51.85186, 11.58508, 37013, 'City of Endless Night'),\n",
       " ('Tangermuende', 52.54463, 11.97647, 24495, 'The Thirteenth'),\n",
       " ('Thale', 51.74861, 11.041, 1374, 'Views a-foot'),\n",
       " ('Wanzleben', 52.06087, 11.4408, 27471, 'The Golden Bough (Third Edition· Vol. 7 of 12)'),\n",
       " ('Wernigerode', 51.83652, 10.78216, 25072, 'Encyclopaedia Britannica· 11th Edition· Volume 13· Slice 4'),\n",
       " ('Wittenberge', 53.00543, 11.75032, 20007, 'Pharos· The Egyptian'),\n",
       " ('Wittingen', 52.72694, 10.73613, 29606, 'Plant Lore· Legends· and Lyrics'),\n",
       " ('Wolfenbuettel', 52.16442, 10.54095, 7739, 'The Great Book-Collectors'),\n",
       " ('Wolfsburg', 52.42452, 10.7815, 32359, 'The Lion of the North'),\n",
       " ('Zerbst', 51.9662, 12.08517, 17524, \"The Count's Chauffeur\")]"
      ]
     },
     "execution_count": 171,
     "metadata": {},
     "output_type": "execute_result"
    }
   ],
   "source": [
    "%%sql\n",
    "select distinct on (cities.name) cities.name, cities.latitude, cities.longitude, books.id, books.title from cities\n",
    "join mentions on (cities.id = mentions.cityid)\n",
    "join books on (mentions.bookid = books.id)\n",
    "where earth_box(ll_to_earth(52.38, 11.47), 50000*1.6) @> ll_to_earth(latitude, longitude)\n",
    "and earth_distance(ll_to_earth(52.38, 11.47), ll_to_earth(latitude, longitude)) < 50000*1.6;"
   ]
  },
  {
   "cell_type": "code",
   "execution_count": 172,
   "metadata": {},
   "outputs": [
    {
     "name": "stdout",
     "output_type": "stream",
     "text": [
      "1 rows affected.\n"
     ]
    },
    {
     "data": {
      "text/html": [
       "<table>\n",
       "    <tr>\n",
       "        <th>earth_distance</th>\n",
       "    </tr>\n",
       "    <tr>\n",
       "        <td>18216.2614555625</td>\n",
       "    </tr>\n",
       "</table>"
      ],
      "text/plain": [
       "[(18216.2614555625,)]"
      ]
     },
     "execution_count": 172,
     "metadata": {},
     "output_type": "execute_result"
    }
   ],
   "source": [
    "%%sql\n",
    "select earth_distance(ll_to_earth(52.24856185913086, 11.629449844360352), ll_to_earth(52.38, 11.47))"
   ]
  },
  {
   "cell_type": "code",
   "execution_count": 176,
   "metadata": {},
   "outputs": [
    {
     "name": "stdout",
     "output_type": "stream",
     "text": [
      "1 rows affected.\n"
     ]
    },
    {
     "data": {
      "text/html": [
       "<table>\n",
       "    <tr>\n",
       "        <th>id</th>\n",
       "        <th>name</th>\n",
       "        <th>latitude</th>\n",
       "        <th>longitude</th>\n",
       "        <th>cc</th>\n",
       "        <th>population</th>\n",
       "    </tr>\n",
       "    <tr>\n",
       "        <td>2806342</td>\n",
       "        <td>Wolmirstedt</td>\n",
       "        <td>52.24856</td>\n",
       "        <td>11.62945</td>\n",
       "        <td>DE</td>\n",
       "        <td>10860</td>\n",
       "    </tr>\n",
       "</table>"
      ],
      "text/plain": [
       "[(2806342, 'Wolmirstedt', 52.24856, 11.62945, 'DE', 10860)]"
      ]
     },
     "execution_count": 176,
     "metadata": {},
     "output_type": "execute_result"
    }
   ],
   "source": [
    "%%sql\n",
    "select * from cities\n",
    "where name like 'Wolmirstedt';"
   ]
  }
 ],
 "metadata": {
  "kernelspec": {
   "display_name": "Python 3",
   "language": "python",
   "name": "python3"
  },
  "language_info": {
   "codemirror_mode": {
    "name": "ipython",
    "version": 3
   },
   "file_extension": ".py",
   "mimetype": "text/x-python",
   "name": "python",
   "nbconvert_exporter": "python",
   "pygments_lexer": "ipython3",
   "version": "3.6.3"
  }
 },
 "nbformat": 4,
 "nbformat_minor": 2
}
